ERROR - 2022-01-18 06:49:54 --> Duplicate key name 'province_name'
ERROR - 2022-01-18 06:54:06 --> Duplicate key name 'province_name'
ERROR - 2022-01-18 06:56:34 --> Duplicate key name 'province_name'
ERROR - 2022-01-18 06:58:58 --> Duplicate key name 'province_name'
ERROR - 2022-01-18 07:28:29 --> Table 'jmc_provinsi.jmc_provinsi' doesn't exist
CRITICAL - 2022-01-18 07:28:29 --> Table 'jmc_provinsi.jmc_provinsi' doesn't exist
#0 C:\Users\dimaz\Documents\Project\jmc\system\Database\MySQLi\Connection.php(292): mysqli->query('INSERT INTO `jm...', 0)
#1 C:\Users\dimaz\Documents\Project\jmc\system\Database\BaseConnection.php(670): CodeIgniter\Database\MySQLi\Connection->execute('INSERT INTO `jm...')
#2 C:\Users\dimaz\Documents\Project\jmc\system\Database\BaseConnection.php(598): CodeIgniter\Database\BaseConnection->simpleQuery('INSERT INTO `jm...')
#3 C:\Users\dimaz\Documents\Project\jmc\system\Database\BaseBuilder.php(1771): CodeIgniter\Database\BaseConnection->query('INSERT INTO `jm...', Array, false)
#4 C:\Users\dimaz\Documents\Project\jmc\system\Model.php(239): CodeIgniter\Database\BaseBuilder->insert()
#5 C:\Users\dimaz\Documents\Project\jmc\system\BaseModel.php(738): CodeIgniter\Model->doInsert(Array)
#6 C:\Users\dimaz\Documents\Project\jmc\system\Model.php(625): CodeIgniter\BaseModel->insert(Array, true)
#7 C:\Users\dimaz\Documents\Project\jmc\app\Controllers\ProvinceController.php(23): CodeIgniter\Model->insert(Array)
#8 C:\Users\dimaz\Documents\Project\jmc\system\CodeIgniter.php(825): App\Controllers\ProvinceController->insert()
#9 C:\Users\dimaz\Documents\Project\jmc\system\CodeIgniter.php(412): CodeIgniter\CodeIgniter->runController(Object(App\Controllers\ProvinceController))
#10 C:\Users\dimaz\Documents\Project\jmc\system\CodeIgniter.php(320): CodeIgniter\CodeIgniter->handleRequest(NULL, Object(Config\Cache), false)
#11 C:\Users\dimaz\Documents\Project\jmc\public\index.php(37): CodeIgniter\CodeIgniter->run()
#12 C:\Users\dimaz\Documents\Project\jmc\system\Commands\Server\rewrite.php(43): require_once('C:\\Users\\dimaz\\...')
#13 {main}
ERROR - 2022-01-18 07:29:14 --> Duplicate entry 'Papua Barat' for key 'province_name'
CRITICAL - 2022-01-18 07:29:14 --> Duplicate entry 'Papua Barat' for key 'province_name'
#0 C:\Users\dimaz\Documents\Project\jmc\system\Database\MySQLi\Connection.php(292): mysqli->query('INSERT INTO `jm...', 0)
#1 C:\Users\dimaz\Documents\Project\jmc\system\Database\BaseConnection.php(670): CodeIgniter\Database\MySQLi\Connection->execute('INSERT INTO `jm...')
#2 C:\Users\dimaz\Documents\Project\jmc\system\Database\BaseConnection.php(598): CodeIgniter\Database\BaseConnection->simpleQuery('INSERT INTO `jm...')
#3 C:\Users\dimaz\Documents\Project\jmc\system\Database\BaseBuilder.php(1771): CodeIgniter\Database\BaseConnection->query('INSERT INTO `jm...', Array, false)
#4 C:\Users\dimaz\Documents\Project\jmc\system\Model.php(239): CodeIgniter\Database\BaseBuilder->insert()
#5 C:\Users\dimaz\Documents\Project\jmc\system\BaseModel.php(738): CodeIgniter\Model->doInsert(Array)
#6 C:\Users\dimaz\Documents\Project\jmc\system\Model.php(625): CodeIgniter\BaseModel->insert(Array, true)
#7 C:\Users\dimaz\Documents\Project\jmc\app\Controllers\ProvinceController.php(23): CodeIgniter\Model->insert(Array)
#8 C:\Users\dimaz\Documents\Project\jmc\system\CodeIgniter.php(825): App\Controllers\ProvinceController->insert()
#9 C:\Users\dimaz\Documents\Project\jmc\system\CodeIgniter.php(412): CodeIgniter\CodeIgniter->runController(Object(App\Controllers\ProvinceController))
#10 C:\Users\dimaz\Documents\Project\jmc\system\CodeIgniter.php(320): CodeIgniter\CodeIgniter->handleRequest(NULL, Object(Config\Cache), false)
#11 C:\Users\dimaz\Documents\Project\jmc\public\index.php(37): CodeIgniter\CodeIgniter->run()
#12 C:\Users\dimaz\Documents\Project\jmc\system\Commands\Server\rewrite.php(43): require_once('C:\\Users\\dimaz\\...')
#13 {main}
CRITICAL - 2022-01-18 07:36:14 --> Call to undefined method App\Models\ProvinceModel::result_array
#0 C:\Users\dimaz\Documents\Project\jmc\app\Controllers\ProvinceController.php(17): CodeIgniter\Model->__call('result_array', Array)
#1 C:\Users\dimaz\Documents\Project\jmc\system\CodeIgniter.php(825): App\Controllers\ProvinceController->index()
#2 C:\Users\dimaz\Documents\Project\jmc\system\CodeIgniter.php(412): CodeIgniter\CodeIgniter->runController(Object(App\Controllers\ProvinceController))
#3 C:\Users\dimaz\Documents\Project\jmc\system\CodeIgniter.php(320): CodeIgniter\CodeIgniter->handleRequest(NULL, Object(Config\Cache), false)
#4 C:\Users\dimaz\Documents\Project\jmc\public\index.php(37): CodeIgniter\CodeIgniter->run()
#5 C:\Users\dimaz\Documents\Project\jmc\system\Commands\Server\rewrite.php(43): require_once('C:\\Users\\dimaz\\...')
#6 {main}
CRITICAL - 2022-01-18 07:38:44 --> Undefined variable: get
#0 C:\Users\dimaz\Documents\Project\jmc\app\Views\province_data.php(40): CodeIgniter\Debug\Exceptions->errorHandler(8, 'Undefined varia...', 'C:\\Users\\dimaz\\...', 40, Array)
#1 C:\Users\dimaz\Documents\Project\jmc\system\View\View.php(210): include('C:\\Users\\dimaz\\...')
#2 C:\Users\dimaz\Documents\Project\jmc\system\View\View.php(213): CodeIgniter\View\View->CodeIgniter\View\{closure}()
#3 C:\Users\dimaz\Documents\Project\jmc\system\Common.php(1089): CodeIgniter\View\View->render('province_data', Array, true)
#4 C:\Users\dimaz\Documents\Project\jmc\app\Controllers\ProvinceController.php(18): view('province_data', Array)
#5 C:\Users\dimaz\Documents\Project\jmc\system\CodeIgniter.php(825): App\Controllers\ProvinceController->index()
#6 C:\Users\dimaz\Documents\Project\jmc\system\CodeIgniter.php(412): CodeIgniter\CodeIgniter->runController(Object(App\Controllers\ProvinceController))
#7 C:\Users\dimaz\Documents\Project\jmc\system\CodeIgniter.php(320): CodeIgniter\CodeIgniter->handleRequest(NULL, Object(Config\Cache), false)
#8 C:\Users\dimaz\Documents\Project\jmc\public\index.php(37): CodeIgniter\CodeIgniter->run()
#9 C:\Users\dimaz\Documents\Project\jmc\system\Commands\Server\rewrite.php(43): require_once('C:\\Users\\dimaz\\...')
#10 {main}
CRITICAL - 2022-01-18 07:40:02 --> Undefined variable: get
#0 C:\Users\dimaz\Documents\Project\jmc\app\Views\province_data.php(40): CodeIgniter\Debug\Exceptions->errorHandler(8, 'Undefined varia...', 'C:\\Users\\dimaz\\...', 40, Array)
#1 C:\Users\dimaz\Documents\Project\jmc\system\View\View.php(210): include('C:\\Users\\dimaz\\...')
#2 C:\Users\dimaz\Documents\Project\jmc\system\View\View.php(213): CodeIgniter\View\View->CodeIgniter\View\{closure}()
#3 C:\Users\dimaz\Documents\Project\jmc\system\Common.php(1089): CodeIgniter\View\View->render('province_data', Array, true)
#4 C:\Users\dimaz\Documents\Project\jmc\app\Controllers\ProvinceController.php(18): view('province_data', Array)
#5 C:\Users\dimaz\Documents\Project\jmc\system\CodeIgniter.php(825): App\Controllers\ProvinceController->index()
#6 C:\Users\dimaz\Documents\Project\jmc\system\CodeIgniter.php(412): CodeIgniter\CodeIgniter->runController(Object(App\Controllers\ProvinceController))
#7 C:\Users\dimaz\Documents\Project\jmc\system\CodeIgniter.php(320): CodeIgniter\CodeIgniter->handleRequest(NULL, Object(Config\Cache), false)
#8 C:\Users\dimaz\Documents\Project\jmc\public\index.php(37): CodeIgniter\CodeIgniter->run()
#9 C:\Users\dimaz\Documents\Project\jmc\system\Commands\Server\rewrite.php(43): require_once('C:\\Users\\dimaz\\...')
#10 {main}
CRITICAL - 2022-01-18 07:41:59 --> Trying to get property 'province_name' of non-object
#0 C:\Users\dimaz\Documents\Project\jmc\app\Views\province_data.php(42): CodeIgniter\Debug\Exceptions->errorHandler(8, 'Trying to get p...', 'C:\\Users\\dimaz\\...', 42, Array)
#1 C:\Users\dimaz\Documents\Project\jmc\system\View\View.php(210): include('C:\\Users\\dimaz\\...')
#2 C:\Users\dimaz\Documents\Project\jmc\system\View\View.php(213): CodeIgniter\View\View->CodeIgniter\View\{closure}()
#3 C:\Users\dimaz\Documents\Project\jmc\system\Common.php(1089): CodeIgniter\View\View->render('province_data', Array, true)
#4 C:\Users\dimaz\Documents\Project\jmc\app\Controllers\ProvinceController.php(19): view('province_data', Array)
#5 C:\Users\dimaz\Documents\Project\jmc\system\CodeIgniter.php(825): App\Controllers\ProvinceController->index()
#6 C:\Users\dimaz\Documents\Project\jmc\system\CodeIgniter.php(412): CodeIgniter\CodeIgniter->runController(Object(App\Controllers\ProvinceController))
#7 C:\Users\dimaz\Documents\Project\jmc\system\CodeIgniter.php(320): CodeIgniter\CodeIgniter->handleRequest(NULL, Object(Config\Cache), false)
#8 C:\Users\dimaz\Documents\Project\jmc\public\index.php(37): CodeIgniter\CodeIgniter->run()
#9 C:\Users\dimaz\Documents\Project\jmc\system\Commands\Server\rewrite.php(43): require_once('C:\\Users\\dimaz\\...')
#10 {main}
CRITICAL - 2022-01-18 07:51:54 --> Invalid file: province.php
#0 C:\Users\dimaz\Documents\Project\jmc\system\View\View.php(198): CodeIgniter\Exceptions\FrameworkException::forInvalidFile('province.php')
#1 C:\Users\dimaz\Documents\Project\jmc\system\Common.php(1089): CodeIgniter\View\View->render('province', Array, true)
#2 C:\Users\dimaz\Documents\Project\jmc\app\Controllers\Home.php(9): view('province')
#3 C:\Users\dimaz\Documents\Project\jmc\system\CodeIgniter.php(825): App\Controllers\Home->index()
#4 C:\Users\dimaz\Documents\Project\jmc\system\CodeIgniter.php(412): CodeIgniter\CodeIgniter->runController(Object(App\Controllers\Home))
#5 C:\Users\dimaz\Documents\Project\jmc\system\CodeIgniter.php(320): CodeIgniter\CodeIgniter->handleRequest(NULL, Object(Config\Cache), false)
#6 C:\Users\dimaz\Documents\Project\jmc\public\index.php(37): CodeIgniter\CodeIgniter->run()
#7 C:\Users\dimaz\Documents\Project\jmc\system\Commands\Server\rewrite.php(43): require_once('C:\\Users\\dimaz\\...')
#8 {main}
CRITICAL - 2022-01-18 07:52:01 --> Undefined variable: provinsi
#0 C:\Users\dimaz\Documents\Project\jmc\app\Views\provinsi.php(43): CodeIgniter\Debug\Exceptions->errorHandler(8, 'Undefined varia...', 'C:\\Users\\dimaz\\...', 43, Array)
#1 C:\Users\dimaz\Documents\Project\jmc\system\View\View.php(210): include('C:\\Users\\dimaz\\...')
#2 C:\Users\dimaz\Documents\Project\jmc\system\View\View.php(213): CodeIgniter\View\View->CodeIgniter\View\{closure}()
#3 C:\Users\dimaz\Documents\Project\jmc\system\Common.php(1089): CodeIgniter\View\View->render('provinsi', Array, true)
#4 C:\Users\dimaz\Documents\Project\jmc\app\Controllers\Home.php(9): view('provinsi')
#5 C:\Users\dimaz\Documents\Project\jmc\system\CodeIgniter.php(825): App\Controllers\Home->index()
#6 C:\Users\dimaz\Documents\Project\jmc\system\CodeIgniter.php(412): CodeIgniter\CodeIgniter->runController(Object(App\Controllers\Home))
#7 C:\Users\dimaz\Documents\Project\jmc\system\CodeIgniter.php(320): CodeIgniter\CodeIgniter->handleRequest(NULL, Object(Config\Cache), false)
#8 C:\Users\dimaz\Documents\Project\jmc\public\index.php(37): CodeIgniter\CodeIgniter->run()
#9 C:\Users\dimaz\Documents\Project\jmc\system\Commands\Server\rewrite.php(43): require_once('C:\\Users\\dimaz\\...')
#10 {main}
CRITICAL - 2022-01-18 07:57:24 --> Undefined variable: provinsi
#0 C:\Users\dimaz\Documents\Project\jmc\app\Views\kabupaten_form.php(46): CodeIgniter\Debug\Exceptions->errorHandler(8, 'Undefined varia...', 'C:\\Users\\dimaz\\...', 46, Array)
#1 C:\Users\dimaz\Documents\Project\jmc\system\View\View.php(210): include('C:\\Users\\dimaz\\...')
#2 C:\Users\dimaz\Documents\Project\jmc\system\View\View.php(213): CodeIgniter\View\View->CodeIgniter\View\{closure}()
#3 C:\Users\dimaz\Documents\Project\jmc\system\Common.php(1089): CodeIgniter\View\View->render('kabupaten_form', Array, true)
#4 C:\Users\dimaz\Documents\Project\jmc\app\Controllers\KabupatenController.php(11): view('kabupaten_form')
#5 C:\Users\dimaz\Documents\Project\jmc\system\CodeIgniter.php(825): App\Controllers\KabupatenController->index()
#6 C:\Users\dimaz\Documents\Project\jmc\system\CodeIgniter.php(412): CodeIgniter\CodeIgniter->runController(Object(App\Controllers\KabupatenController))
#7 C:\Users\dimaz\Documents\Project\jmc\system\CodeIgniter.php(320): CodeIgniter\CodeIgniter->handleRequest(NULL, Object(Config\Cache), false)
#8 C:\Users\dimaz\Documents\Project\jmc\public\index.php(37): CodeIgniter\CodeIgniter->run()
#9 C:\Users\dimaz\Documents\Project\jmc\system\Commands\Server\rewrite.php(43): require_once('C:\\Users\\dimaz\\...')
#10 {main}
CRITICAL - 2022-01-18 08:43:08 --> Undefined variable: provinsi
#0 C:\Users\dimaz\Documents\Project\jmc\app\Views\kabupaten_form.php(26): CodeIgniter\Debug\Exceptions->errorHandler(8, 'Undefined varia...', 'C:\\Users\\dimaz\\...', 26, Array)
#1 C:\Users\dimaz\Documents\Project\jmc\system\View\View.php(210): include('C:\\Users\\dimaz\\...')
#2 C:\Users\dimaz\Documents\Project\jmc\system\View\View.php(213): CodeIgniter\View\View->CodeIgniter\View\{closure}()
#3 C:\Users\dimaz\Documents\Project\jmc\system\Common.php(1089): CodeIgniter\View\View->render('kabupaten_form', Array, true)
#4 C:\Users\dimaz\Documents\Project\jmc\app\Controllers\KabupatenController.php(22): view('kabupaten_form', Array)
#5 C:\Users\dimaz\Documents\Project\jmc\system\CodeIgniter.php(825): App\Controllers\KabupatenController->index()
#6 C:\Users\dimaz\Documents\Project\jmc\system\CodeIgniter.php(412): CodeIgniter\CodeIgniter->runController(Object(App\Controllers\KabupatenController))
#7 C:\Users\dimaz\Documents\Project\jmc\system\CodeIgniter.php(320): CodeIgniter\CodeIgniter->handleRequest(NULL, Object(Config\Cache), false)
#8 C:\Users\dimaz\Documents\Project\jmc\public\index.php(37): CodeIgniter\CodeIgniter->run()
#9 C:\Users\dimaz\Documents\Project\jmc\system\Commands\Server\rewrite.php(43): require_once('C:\\Users\\dimaz\\...')
#10 {main}
ERROR - 2022-01-18 08:48:42 --> Table 'jmc_provinsi.jmc_kabupatenk' doesn't exist
CRITICAL - 2022-01-18 08:48:42 --> Table 'jmc_provinsi.jmc_kabupatenk' doesn't exist
#0 C:\Users\dimaz\Documents\Project\jmc\system\Database\MySQLi\Connection.php(292): mysqli->query('SELECT *\nFROM `...', 0)
#1 C:\Users\dimaz\Documents\Project\jmc\system\Database\BaseConnection.php(670): CodeIgniter\Database\MySQLi\Connection->execute('SELECT *\nFROM `...')
#2 C:\Users\dimaz\Documents\Project\jmc\system\Database\BaseConnection.php(598): CodeIgniter\Database\BaseConnection->simpleQuery('SELECT *\nFROM `...')
#3 C:\Users\dimaz\Documents\Project\jmc\system\Database\BaseBuilder.php(1455): CodeIgniter\Database\BaseConnection->query('SELECT *\nFROM `...', Array, false)
#4 C:\Users\dimaz\Documents\Project\jmc\app\Models\KabupatenModel.php(31): CodeIgniter\Database\BaseBuilder->get()
#5 C:\Users\dimaz\Documents\Project\jmc\app\Controllers\KabupatenController.php(20): App\Models\KabupatenModel->get_kab_prov()
#6 C:\Users\dimaz\Documents\Project\jmc\system\CodeIgniter.php(825): App\Controllers\KabupatenController->index()
#7 C:\Users\dimaz\Documents\Project\jmc\system\CodeIgniter.php(412): CodeIgniter\CodeIgniter->runController(Object(App\Controllers\KabupatenController))
#8 C:\Users\dimaz\Documents\Project\jmc\system\CodeIgniter.php(320): CodeIgniter\CodeIgniter->handleRequest(NULL, Object(Config\Cache), false)
#9 C:\Users\dimaz\Documents\Project\jmc\public\index.php(37): CodeIgniter\CodeIgniter->run()
#10 C:\Users\dimaz\Documents\Project\jmc\system\Commands\Server\rewrite.php(43): require_once('C:\\Users\\dimaz\\...')
#11 {main}
ERROR - 2022-01-18 08:50:13 --> Cannot add or update a child row: a foreign key constraint fails (`jmc_provinsi`.`jmc_kabupaten`, CONSTRAINT `jmc_kabupaten_province_id_foreign` FOREIGN KEY (`province_id`) REFERENCES `jmc_jmc_province` (`province_id`) ON DELETE CASCADE ON UPDATE NO ACTION)
CRITICAL - 2022-01-18 08:50:13 --> Cannot add or update a child row: a foreign key constraint fails (`jmc_provinsi`.`jmc_kabupaten`, CONSTRAINT `jmc_kabupaten_province_id_foreign` FOREIGN KEY (`province_id`) REFERENCES `jmc_jmc_province` (`province_id`) ON DELETE CASCADE ON UPDATE NO ACTION)
#0 C:\Users\dimaz\Documents\Project\jmc\system\Database\MySQLi\Connection.php(292): mysqli->query('INSERT INTO `jm...', 0)
#1 C:\Users\dimaz\Documents\Project\jmc\system\Database\BaseConnection.php(670): CodeIgniter\Database\MySQLi\Connection->execute('INSERT INTO `jm...')
#2 C:\Users\dimaz\Documents\Project\jmc\system\Database\BaseConnection.php(598): CodeIgniter\Database\BaseConnection->simpleQuery('INSERT INTO `jm...')
#3 C:\Users\dimaz\Documents\Project\jmc\system\Database\BaseBuilder.php(1771): CodeIgniter\Database\BaseConnection->query('INSERT INTO `jm...', Array, false)
#4 C:\Users\dimaz\Documents\Project\jmc\system\Model.php(239): CodeIgniter\Database\BaseBuilder->insert()
#5 C:\Users\dimaz\Documents\Project\jmc\system\BaseModel.php(738): CodeIgniter\Model->doInsert(Array)
#6 C:\Users\dimaz\Documents\Project\jmc\system\Model.php(625): CodeIgniter\BaseModel->insert(Array, true)
#7 C:\Users\dimaz\Documents\Project\jmc\app\Controllers\KabupatenController.php(40): CodeIgniter\Model->insert(Array)
#8 C:\Users\dimaz\Documents\Project\jmc\system\CodeIgniter.php(825): App\Controllers\KabupatenController->insert()
#9 C:\Users\dimaz\Documents\Project\jmc\system\CodeIgniter.php(412): CodeIgniter\CodeIgniter->runController(Object(App\Controllers\KabupatenController))
#10 C:\Users\dimaz\Documents\Project\jmc\system\CodeIgniter.php(320): CodeIgniter\CodeIgniter->handleRequest(NULL, Object(Config\Cache), false)
#11 C:\Users\dimaz\Documents\Project\jmc\public\index.php(37): CodeIgniter\CodeIgniter->run()
#12 C:\Users\dimaz\Documents\Project\jmc\system\Commands\Server\rewrite.php(43): require_once('C:\\Users\\dimaz\\...')
#13 {main}
ERROR - 2022-01-18 08:52:09 --> Cannot add or update a child row: a foreign key constraint fails (`jmc_provinsi`.`jmc_kabupaten`, CONSTRAINT `jmc_kabupaten_province_id_foreign` FOREIGN KEY (`province_id`) REFERENCES `jmc_jmc_province` (`province_id`) ON DELETE CASCADE ON UPDATE NO ACTION)
CRITICAL - 2022-01-18 08:52:09 --> Cannot add or update a child row: a foreign key constraint fails (`jmc_provinsi`.`jmc_kabupaten`, CONSTRAINT `jmc_kabupaten_province_id_foreign` FOREIGN KEY (`province_id`) REFERENCES `jmc_jmc_province` (`province_id`) ON DELETE CASCADE ON UPDATE NO ACTION)
#0 C:\Users\dimaz\Documents\Project\jmc\system\Database\MySQLi\Connection.php(292): mysqli->query('INSERT INTO `jm...', 0)
#1 C:\Users\dimaz\Documents\Project\jmc\system\Database\BaseConnection.php(670): CodeIgniter\Database\MySQLi\Connection->execute('INSERT INTO `jm...')
#2 C:\Users\dimaz\Documents\Project\jmc\system\Database\BaseConnection.php(598): CodeIgniter\Database\BaseConnection->simpleQuery('INSERT INTO `jm...')
#3 C:\Users\dimaz\Documents\Project\jmc\system\Database\BaseBuilder.php(1771): CodeIgniter\Database\BaseConnection->query('INSERT INTO `jm...', Array, false)
#4 C:\Users\dimaz\Documents\Project\jmc\system\Model.php(239): CodeIgniter\Database\BaseBuilder->insert()
#5 C:\Users\dimaz\Documents\Project\jmc\system\BaseModel.php(738): CodeIgniter\Model->doInsert(Array)
#6 C:\Users\dimaz\Documents\Project\jmc\system\Model.php(625): CodeIgniter\BaseModel->insert(Array, true)
#7 C:\Users\dimaz\Documents\Project\jmc\app\Controllers\KabupatenController.php(41): CodeIgniter\Model->insert(Array)
#8 C:\Users\dimaz\Documents\Project\jmc\system\CodeIgniter.php(825): App\Controllers\KabupatenController->insert()
#9 C:\Users\dimaz\Documents\Project\jmc\system\CodeIgniter.php(412): CodeIgniter\CodeIgniter->runController(Object(App\Controllers\KabupatenController))
#10 C:\Users\dimaz\Documents\Project\jmc\system\CodeIgniter.php(320): CodeIgniter\CodeIgniter->handleRequest(NULL, Object(Config\Cache), false)
#11 C:\Users\dimaz\Documents\Project\jmc\public\index.php(37): CodeIgniter\CodeIgniter->run()
#12 C:\Users\dimaz\Documents\Project\jmc\system\Commands\Server\rewrite.php(43): require_once('C:\\Users\\dimaz\\...')
#13 {main}
ERROR - 2022-01-18 08:55:50 --> Cannot add or update a child row: a foreign key constraint fails (`jmc_provinsi`.`jmc_kabupaten`, CONSTRAINT `jmc_kabupaten_province_id_foreign` FOREIGN KEY (`province_id`) REFERENCES `jmc_jmc_province` (`province_id`) ON DELETE CASCADE ON UPDATE NO ACTION)
CRITICAL - 2022-01-18 08:55:50 --> Cannot add or update a child row: a foreign key constraint fails (`jmc_provinsi`.`jmc_kabupaten`, CONSTRAINT `jmc_kabupaten_province_id_foreign` FOREIGN KEY (`province_id`) REFERENCES `jmc_jmc_province` (`province_id`) ON DELETE CASCADE ON UPDATE NO ACTION)
#0 C:\Users\dimaz\Documents\Project\jmc\system\Database\MySQLi\Connection.php(292): mysqli->query('INSERT INTO `jm...', 0)
#1 C:\Users\dimaz\Documents\Project\jmc\system\Database\BaseConnection.php(670): CodeIgniter\Database\MySQLi\Connection->execute('INSERT INTO `jm...')
#2 C:\Users\dimaz\Documents\Project\jmc\system\Database\BaseConnection.php(598): CodeIgniter\Database\BaseConnection->simpleQuery('INSERT INTO `jm...')
#3 C:\Users\dimaz\Documents\Project\jmc\system\Database\BaseBuilder.php(1771): CodeIgniter\Database\BaseConnection->query('INSERT INTO `jm...', Array, false)
#4 C:\Users\dimaz\Documents\Project\jmc\system\Model.php(239): CodeIgniter\Database\BaseBuilder->insert()
#5 C:\Users\dimaz\Documents\Project\jmc\system\BaseModel.php(738): CodeIgniter\Model->doInsert(Array)
#6 C:\Users\dimaz\Documents\Project\jmc\system\Model.php(625): CodeIgniter\BaseModel->insert(Array, true)
#7 C:\Users\dimaz\Documents\Project\jmc\app\Controllers\KabupatenController.php(41): CodeIgniter\Model->insert(Array)
#8 C:\Users\dimaz\Documents\Project\jmc\system\CodeIgniter.php(825): App\Controllers\KabupatenController->insert()
#9 C:\Users\dimaz\Documents\Project\jmc\system\CodeIgniter.php(412): CodeIgniter\CodeIgniter->runController(Object(App\Controllers\KabupatenController))
#10 C:\Users\dimaz\Documents\Project\jmc\system\CodeIgniter.php(320): CodeIgniter\CodeIgniter->handleRequest(NULL, Object(Config\Cache), false)
#11 C:\Users\dimaz\Documents\Project\jmc\public\index.php(37): CodeIgniter\CodeIgniter->run()
#12 C:\Users\dimaz\Documents\Project\jmc\system\Commands\Server\rewrite.php(43): require_once('C:\\Users\\dimaz\\...')
#13 {main}
ERROR - 2022-01-18 08:56:16 --> Cannot add or update a child row: a foreign key constraint fails (`jmc_provinsi`.`jmc_kabupaten`, CONSTRAINT `jmc_kabupaten_province_id_foreign` FOREIGN KEY (`province_id`) REFERENCES `jmc_jmc_province` (`province_id`) ON DELETE CASCADE ON UPDATE NO ACTION)
CRITICAL - 2022-01-18 08:56:16 --> Cannot add or update a child row: a foreign key constraint fails (`jmc_provinsi`.`jmc_kabupaten`, CONSTRAINT `jmc_kabupaten_province_id_foreign` FOREIGN KEY (`province_id`) REFERENCES `jmc_jmc_province` (`province_id`) ON DELETE CASCADE ON UPDATE NO ACTION)
#0 C:\Users\dimaz\Documents\Project\jmc\system\Database\MySQLi\Connection.php(292): mysqli->query('INSERT INTO `jm...', 0)
#1 C:\Users\dimaz\Documents\Project\jmc\system\Database\BaseConnection.php(670): CodeIgniter\Database\MySQLi\Connection->execute('INSERT INTO `jm...')
#2 C:\Users\dimaz\Documents\Project\jmc\system\Database\BaseConnection.php(598): CodeIgniter\Database\BaseConnection->simpleQuery('INSERT INTO `jm...')
#3 C:\Users\dimaz\Documents\Project\jmc\system\Database\BaseBuilder.php(1771): CodeIgniter\Database\BaseConnection->query('INSERT INTO `jm...', Array, false)
#4 C:\Users\dimaz\Documents\Project\jmc\system\Model.php(239): CodeIgniter\Database\BaseBuilder->insert()
#5 C:\Users\dimaz\Documents\Project\jmc\system\BaseModel.php(738): CodeIgniter\Model->doInsert(Array)
#6 C:\Users\dimaz\Documents\Project\jmc\system\Model.php(625): CodeIgniter\BaseModel->insert(Array, true)
#7 C:\Users\dimaz\Documents\Project\jmc\app\Controllers\KabupatenController.php(41): CodeIgniter\Model->insert(Array)
#8 C:\Users\dimaz\Documents\Project\jmc\system\CodeIgniter.php(825): App\Controllers\KabupatenController->insert()
#9 C:\Users\dimaz\Documents\Project\jmc\system\CodeIgniter.php(412): CodeIgniter\CodeIgniter->runController(Object(App\Controllers\KabupatenController))
#10 C:\Users\dimaz\Documents\Project\jmc\system\CodeIgniter.php(320): CodeIgniter\CodeIgniter->handleRequest(NULL, Object(Config\Cache), false)
#11 C:\Users\dimaz\Documents\Project\jmc\public\index.php(37): CodeIgniter\CodeIgniter->run()
#12 C:\Users\dimaz\Documents\Project\jmc\system\Commands\Server\rewrite.php(43): require_once('C:\\Users\\dimaz\\...')
#13 {main}
ERROR - 2022-01-18 09:01:15 --> Cannot add or update a child row: a foreign key constraint fails (`jmc_provinsi`.`jmc_kabupaten`, CONSTRAINT `FK_jmc_kabupaten_jmc_province` FOREIGN KEY (`province_id`) REFERENCES `jmc_province` (`province_id`) ON DELETE CASCADE ON UPDATE NO ACTION)
CRITICAL - 2022-01-18 09:01:15 --> Cannot add or update a child row: a foreign key constraint fails (`jmc_provinsi`.`jmc_kabupaten`, CONSTRAINT `FK_jmc_kabupaten_jmc_province` FOREIGN KEY (`province_id`) REFERENCES `jmc_province` (`province_id`) ON DELETE CASCADE ON UPDATE NO ACTION)
#0 C:\Users\dimaz\Documents\Project\jmc\system\Database\MySQLi\Connection.php(292): mysqli->query('INSERT INTO `jm...', 0)
#1 C:\Users\dimaz\Documents\Project\jmc\system\Database\BaseConnection.php(670): CodeIgniter\Database\MySQLi\Connection->execute('INSERT INTO `jm...')
#2 C:\Users\dimaz\Documents\Project\jmc\system\Database\BaseConnection.php(598): CodeIgniter\Database\BaseConnection->simpleQuery('INSERT INTO `jm...')
#3 C:\Users\dimaz\Documents\Project\jmc\system\Database\BaseBuilder.php(1771): CodeIgniter\Database\BaseConnection->query('INSERT INTO `jm...', Array, false)
#4 C:\Users\dimaz\Documents\Project\jmc\system\Model.php(239): CodeIgniter\Database\BaseBuilder->insert()
#5 C:\Users\dimaz\Documents\Project\jmc\system\BaseModel.php(738): CodeIgniter\Model->doInsert(Array)
#6 C:\Users\dimaz\Documents\Project\jmc\system\Model.php(625): CodeIgniter\BaseModel->insert(Array, true)
#7 C:\Users\dimaz\Documents\Project\jmc\app\Controllers\KabupatenController.php(41): CodeIgniter\Model->insert(Array)
#8 C:\Users\dimaz\Documents\Project\jmc\system\CodeIgniter.php(825): App\Controllers\KabupatenController->insert()
#9 C:\Users\dimaz\Documents\Project\jmc\system\CodeIgniter.php(412): CodeIgniter\CodeIgniter->runController(Object(App\Controllers\KabupatenController))
#10 C:\Users\dimaz\Documents\Project\jmc\system\CodeIgniter.php(320): CodeIgniter\CodeIgniter->handleRequest(NULL, Object(Config\Cache), false)
#11 C:\Users\dimaz\Documents\Project\jmc\public\index.php(37): CodeIgniter\CodeIgniter->run()
#12 C:\Users\dimaz\Documents\Project\jmc\system\Commands\Server\rewrite.php(43): require_once('C:\\Users\\dimaz\\...')
#13 {main}
CRITICAL - 2022-01-18 09:02:15 --> Cannot use object of type stdClass as array
#0 C:\Users\dimaz\Documents\Project\jmc\system\View\View.php(210): include()
#1 C:\Users\dimaz\Documents\Project\jmc\system\View\View.php(213): CodeIgniter\View\View->CodeIgniter\View\{closure}()
#2 C:\Users\dimaz\Documents\Project\jmc\system\Common.php(1089): CodeIgniter\View\View->render('kabupaten_form', Array, true)
#3 C:\Users\dimaz\Documents\Project\jmc\app\Controllers\KabupatenController.php(27): view('kabupaten_form', Array)
#4 C:\Users\dimaz\Documents\Project\jmc\system\CodeIgniter.php(825): App\Controllers\KabupatenController->index()
#5 C:\Users\dimaz\Documents\Project\jmc\system\CodeIgniter.php(412): CodeIgniter\CodeIgniter->runController(Object(App\Controllers\KabupatenController))
#6 C:\Users\dimaz\Documents\Project\jmc\system\CodeIgniter.php(320): CodeIgniter\CodeIgniter->handleRequest(NULL, Object(Config\Cache), false)
#7 C:\Users\dimaz\Documents\Project\jmc\public\index.php(37): CodeIgniter\CodeIgniter->run()
#8 C:\Users\dimaz\Documents\Project\jmc\system\Commands\Server\rewrite.php(43): require_once('C:\\Users\\dimaz\\...')
#9 {main}
CRITICAL - 2022-01-18 09:03:08 --> Cannot use object of type stdClass as array
#0 C:\Users\dimaz\Documents\Project\jmc\system\View\View.php(210): include()
#1 C:\Users\dimaz\Documents\Project\jmc\system\View\View.php(213): CodeIgniter\View\View->CodeIgniter\View\{closure}()
#2 C:\Users\dimaz\Documents\Project\jmc\system\Common.php(1089): CodeIgniter\View\View->render('kabupaten_form', Array, true)
#3 C:\Users\dimaz\Documents\Project\jmc\app\Controllers\KabupatenController.php(27): view('kabupaten_form', Array)
#4 C:\Users\dimaz\Documents\Project\jmc\system\CodeIgniter.php(825): App\Controllers\KabupatenController->index()
#5 C:\Users\dimaz\Documents\Project\jmc\system\CodeIgniter.php(412): CodeIgniter\CodeIgniter->runController(Object(App\Controllers\KabupatenController))
#6 C:\Users\dimaz\Documents\Project\jmc\system\CodeIgniter.php(320): CodeIgniter\CodeIgniter->handleRequest(NULL, Object(Config\Cache), false)
#7 C:\Users\dimaz\Documents\Project\jmc\public\index.php(37): CodeIgniter\CodeIgniter->run()
#8 C:\Users\dimaz\Documents\Project\jmc\system\Commands\Server\rewrite.php(43): require_once('C:\\Users\\dimaz\\...')
#9 {main}
ERROR - 2022-01-18 09:04:12 --> Unknown column 'jmc.jmc_kabupaten.province_id' in 'field list'
CRITICAL - 2022-01-18 09:04:12 --> Unknown column 'jmc.jmc_kabupaten.province_id' in 'field list'
#0 C:\Users\dimaz\Documents\Project\jmc\system\Database\MySQLi\Connection.php(292): mysqli->query('SELECT *, `jmc`...', 0)
#1 C:\Users\dimaz\Documents\Project\jmc\system\Database\BaseConnection.php(670): CodeIgniter\Database\MySQLi\Connection->execute('SELECT *, `jmc`...')
#2 C:\Users\dimaz\Documents\Project\jmc\system\Database\BaseConnection.php(598): CodeIgniter\Database\BaseConnection->simpleQuery('SELECT *, `jmc`...')
#3 C:\Users\dimaz\Documents\Project\jmc\system\Database\BaseBuilder.php(1455): CodeIgniter\Database\BaseConnection->query('SELECT *, `jmc`...', Array, false)
#4 C:\Users\dimaz\Documents\Project\jmc\app\Models\KabupatenModel.php(32): CodeIgniter\Database\BaseBuilder->get()
#5 C:\Users\dimaz\Documents\Project\jmc\app\Controllers\KabupatenController.php(20): App\Models\KabupatenModel->get_kab_prov()
#6 C:\Users\dimaz\Documents\Project\jmc\system\CodeIgniter.php(825): App\Controllers\KabupatenController->index()
#7 C:\Users\dimaz\Documents\Project\jmc\system\CodeIgniter.php(412): CodeIgniter\CodeIgniter->runController(Object(App\Controllers\KabupatenController))
#8 C:\Users\dimaz\Documents\Project\jmc\system\CodeIgniter.php(320): CodeIgniter\CodeIgniter->handleRequest(NULL, Object(Config\Cache), false)
#9 C:\Users\dimaz\Documents\Project\jmc\public\index.php(37): CodeIgniter\CodeIgniter->run()
#10 C:\Users\dimaz\Documents\Project\jmc\system\Commands\Server\rewrite.php(43): require_once('C:\\Users\\dimaz\\...')
#11 {main}
CRITICAL - 2022-01-18 10:25:10 --> Undefined variable: provinsi
#0 C:\Users\dimaz\Documents\Project\jmc\app\Views\provinsi.php(43): CodeIgniter\Debug\Exceptions->errorHandler(8, 'Undefined varia...', 'C:\\Users\\dimaz\\...', 43, Array)
#1 C:\Users\dimaz\Documents\Project\jmc\system\View\View.php(210): include('C:\\Users\\dimaz\\...')
#2 C:\Users\dimaz\Documents\Project\jmc\system\View\View.php(213): CodeIgniter\View\View->CodeIgniter\View\{closure}()
#3 C:\Users\dimaz\Documents\Project\jmc\system\Common.php(1089): CodeIgniter\View\View->render('provinsi', Array, true)
#4 C:\Users\dimaz\Documents\Project\jmc\app\Controllers\Home.php(9): view('provinsi')
#5 C:\Users\dimaz\Documents\Project\jmc\system\CodeIgniter.php(825): App\Controllers\Home->index()
#6 C:\Users\dimaz\Documents\Project\jmc\system\CodeIgniter.php(412): CodeIgniter\CodeIgniter->runController(Object(App\Controllers\Home))
#7 C:\Users\dimaz\Documents\Project\jmc\system\CodeIgniter.php(320): CodeIgniter\CodeIgniter->handleRequest(NULL, Object(Config\Cache), false)
#8 C:\Users\dimaz\Documents\Project\jmc\public\index.php(37): CodeIgniter\CodeIgniter->run()
#9 C:\Users\dimaz\Documents\Project\jmc\system\Commands\Server\rewrite.php(43): require_once('C:\\Users\\dimaz\\...')
#10 {main}
ERROR - 2022-01-18 10:25:17 --> Unknown column 'jmc.jmc_kabupaten.province_id' in 'field list'
CRITICAL - 2022-01-18 10:25:17 --> Unknown column 'jmc.jmc_kabupaten.province_id' in 'field list'
#0 C:\Users\dimaz\Documents\Project\jmc\system\Database\MySQLi\Connection.php(292): mysqli->query('SELECT *, `jmc`...', 0)
#1 C:\Users\dimaz\Documents\Project\jmc\system\Database\BaseConnection.php(670): CodeIgniter\Database\MySQLi\Connection->execute('SELECT *, `jmc`...')
#2 C:\Users\dimaz\Documents\Project\jmc\system\Database\BaseConnection.php(598): CodeIgniter\Database\BaseConnection->simpleQuery('SELECT *, `jmc`...')
#3 C:\Users\dimaz\Documents\Project\jmc\system\Database\BaseBuilder.php(1455): CodeIgniter\Database\BaseConnection->query('SELECT *, `jmc`...', Array, false)
#4 C:\Users\dimaz\Documents\Project\jmc\app\Models\KabupatenModel.php(32): CodeIgniter\Database\BaseBuilder->get()
#5 C:\Users\dimaz\Documents\Project\jmc\app\Controllers\KabupatenController.php(20): App\Models\KabupatenModel->get_kab_prov()
#6 C:\Users\dimaz\Documents\Project\jmc\system\CodeIgniter.php(825): App\Controllers\KabupatenController->index()
#7 C:\Users\dimaz\Documents\Project\jmc\system\CodeIgniter.php(412): CodeIgniter\CodeIgniter->runController(Object(App\Controllers\KabupatenController))
#8 C:\Users\dimaz\Documents\Project\jmc\system\CodeIgniter.php(320): CodeIgniter\CodeIgniter->handleRequest(NULL, Object(Config\Cache), false)
#9 C:\Users\dimaz\Documents\Project\jmc\public\index.php(37): CodeIgniter\CodeIgniter->run()
#10 C:\Users\dimaz\Documents\Project\jmc\system\Commands\Server\rewrite.php(43): require_once('C:\\Users\\dimaz\\...')
#11 {main}
ERROR - 2022-01-18 10:25:35 --> Unknown column 'jmc.jmc_kabupaten.province_id' in 'field list'
CRITICAL - 2022-01-18 10:25:35 --> Unknown column 'jmc.jmc_kabupaten.province_id' in 'field list'
#0 C:\Users\dimaz\Documents\Project\jmc\system\Database\MySQLi\Connection.php(292): mysqli->query('SELECT *, `jmc`...', 0)
#1 C:\Users\dimaz\Documents\Project\jmc\system\Database\BaseConnection.php(670): CodeIgniter\Database\MySQLi\Connection->execute('SELECT *, `jmc`...')
#2 C:\Users\dimaz\Documents\Project\jmc\system\Database\BaseConnection.php(598): CodeIgniter\Database\BaseConnection->simpleQuery('SELECT *, `jmc`...')
#3 C:\Users\dimaz\Documents\Project\jmc\system\Database\BaseBuilder.php(1455): CodeIgniter\Database\BaseConnection->query('SELECT *, `jmc`...', Array, false)
#4 C:\Users\dimaz\Documents\Project\jmc\app\Models\KabupatenModel.php(32): CodeIgniter\Database\BaseBuilder->get()
#5 C:\Users\dimaz\Documents\Project\jmc\app\Controllers\KabupatenController.php(20): App\Models\KabupatenModel->get_kab_prov()
#6 C:\Users\dimaz\Documents\Project\jmc\system\CodeIgniter.php(825): App\Controllers\KabupatenController->index()
#7 C:\Users\dimaz\Documents\Project\jmc\system\CodeIgniter.php(412): CodeIgniter\CodeIgniter->runController(Object(App\Controllers\KabupatenController))
#8 C:\Users\dimaz\Documents\Project\jmc\system\CodeIgniter.php(320): CodeIgniter\CodeIgniter->handleRequest(NULL, Object(Config\Cache), false)
#9 C:\Users\dimaz\Documents\Project\jmc\public\index.php(37): CodeIgniter\CodeIgniter->run()
#10 C:\Users\dimaz\Documents\Project\jmc\system\Commands\Server\rewrite.php(43): require_once('C:\\Users\\dimaz\\...')
#11 {main}
ERROR - 2022-01-18 10:29:40 --> Table 'jmc_provinsi.jmc_kabupatenk' doesn't exist
CRITICAL - 2022-01-18 10:29:40 --> Table 'jmc_provinsi.jmc_kabupatenk' doesn't exist
#0 C:\Users\dimaz\Documents\Project\jmc\system\Database\MySQLi\Connection.php(292): mysqli->query('SELECT *, `jmc`...', 0)
#1 C:\Users\dimaz\Documents\Project\jmc\system\Database\BaseConnection.php(670): CodeIgniter\Database\MySQLi\Connection->execute('SELECT *, `jmc`...')
#2 C:\Users\dimaz\Documents\Project\jmc\system\Database\BaseConnection.php(598): CodeIgniter\Database\BaseConnection->simpleQuery('SELECT *, `jmc`...')
#3 C:\Users\dimaz\Documents\Project\jmc\system\Database\BaseBuilder.php(1455): CodeIgniter\Database\BaseConnection->query('SELECT *, `jmc`...', Array, false)
#4 C:\Users\dimaz\Documents\Project\jmc\app\Models\KabupatenModel.php(38): CodeIgniter\Database\BaseBuilder->get()
#5 C:\Users\dimaz\Documents\Project\jmc\app\Controllers\KabupatenController.php(20): App\Models\KabupatenModel->get_kab_prov()
#6 C:\Users\dimaz\Documents\Project\jmc\system\CodeIgniter.php(825): App\Controllers\KabupatenController->index()
#7 C:\Users\dimaz\Documents\Project\jmc\system\CodeIgniter.php(412): CodeIgniter\CodeIgniter->runController(Object(App\Controllers\KabupatenController))
#8 C:\Users\dimaz\Documents\Project\jmc\system\CodeIgniter.php(320): CodeIgniter\CodeIgniter->handleRequest(NULL, Object(Config\Cache), false)
#9 C:\Users\dimaz\Documents\Project\jmc\public\index.php(37): CodeIgniter\CodeIgniter->run()
#10 C:\Users\dimaz\Documents\Project\jmc\system\Commands\Server\rewrite.php(43): require_once('C:\\Users\\dimaz\\...')
#11 {main}
ERROR - 2022-01-18 10:29:57 --> Table 'jmc_provinsi.jmc_kabupatenk' doesn't exist
CRITICAL - 2022-01-18 10:29:57 --> Table 'jmc_provinsi.jmc_kabupatenk' doesn't exist
#0 C:\Users\dimaz\Documents\Project\jmc\system\Database\MySQLi\Connection.php(292): mysqli->query('SELECT *, `jmc`...', 0)
#1 C:\Users\dimaz\Documents\Project\jmc\system\Database\BaseConnection.php(670): CodeIgniter\Database\MySQLi\Connection->execute('SELECT *, `jmc`...')
#2 C:\Users\dimaz\Documents\Project\jmc\system\Database\BaseConnection.php(598): CodeIgniter\Database\BaseConnection->simpleQuery('SELECT *, `jmc`...')
#3 C:\Users\dimaz\Documents\Project\jmc\system\Database\BaseBuilder.php(1455): CodeIgniter\Database\BaseConnection->query('SELECT *, `jmc`...', Array, false)
#4 C:\Users\dimaz\Documents\Project\jmc\app\Models\KabupatenModel.php(38): CodeIgniter\Database\BaseBuilder->get()
#5 C:\Users\dimaz\Documents\Project\jmc\app\Controllers\KabupatenController.php(20): App\Models\KabupatenModel->get_kab_prov()
#6 C:\Users\dimaz\Documents\Project\jmc\system\CodeIgniter.php(825): App\Controllers\KabupatenController->index()
#7 C:\Users\dimaz\Documents\Project\jmc\system\CodeIgniter.php(412): CodeIgniter\CodeIgniter->runController(Object(App\Controllers\KabupatenController))
#8 C:\Users\dimaz\Documents\Project\jmc\system\CodeIgniter.php(320): CodeIgniter\CodeIgniter->handleRequest(NULL, Object(Config\Cache), false)
#9 C:\Users\dimaz\Documents\Project\jmc\public\index.php(37): CodeIgniter\CodeIgniter->run()
#10 C:\Users\dimaz\Documents\Project\jmc\system\Commands\Server\rewrite.php(43): require_once('C:\\Users\\dimaz\\...')
#11 {main}
ERROR - 2022-01-18 10:30:15 --> Table 'jmc_provinsi.jmc_kabupatenk' doesn't exist
CRITICAL - 2022-01-18 10:30:15 --> Table 'jmc_provinsi.jmc_kabupatenk' doesn't exist
#0 C:\Users\dimaz\Documents\Project\jmc\system\Database\MySQLi\Connection.php(292): mysqli->query('SELECT *, `jmc`...', 0)
#1 C:\Users\dimaz\Documents\Project\jmc\system\Database\BaseConnection.php(670): CodeIgniter\Database\MySQLi\Connection->execute('SELECT *, `jmc`...')
#2 C:\Users\dimaz\Documents\Project\jmc\system\Database\BaseConnection.php(598): CodeIgniter\Database\BaseConnection->simpleQuery('SELECT *, `jmc`...')
#3 C:\Users\dimaz\Documents\Project\jmc\system\Database\BaseBuilder.php(1455): CodeIgniter\Database\BaseConnection->query('SELECT *, `jmc`...', Array, false)
#4 C:\Users\dimaz\Documents\Project\jmc\app\Models\KabupatenModel.php(38): CodeIgniter\Database\BaseBuilder->get()
#5 C:\Users\dimaz\Documents\Project\jmc\app\Controllers\KabupatenController.php(20): App\Models\KabupatenModel->get_kab_prov()
#6 C:\Users\dimaz\Documents\Project\jmc\system\CodeIgniter.php(825): App\Controllers\KabupatenController->index()
#7 C:\Users\dimaz\Documents\Project\jmc\system\CodeIgniter.php(412): CodeIgniter\CodeIgniter->runController(Object(App\Controllers\KabupatenController))
#8 C:\Users\dimaz\Documents\Project\jmc\system\CodeIgniter.php(320): CodeIgniter\CodeIgniter->handleRequest(NULL, Object(Config\Cache), false)
#9 C:\Users\dimaz\Documents\Project\jmc\public\index.php(37): CodeIgniter\CodeIgniter->run()
#10 C:\Users\dimaz\Documents\Project\jmc\system\Commands\Server\rewrite.php(43): require_once('C:\\Users\\dimaz\\...')
#11 {main}
ERROR - 2022-01-18 10:30:36 --> Unknown column 'jmc.jmc_kabupaten.province_id' in 'field list'
CRITICAL - 2022-01-18 10:30:36 --> Unknown column 'jmc.jmc_kabupaten.province_id' in 'field list'
#0 C:\Users\dimaz\Documents\Project\jmc\system\Database\MySQLi\Connection.php(292): mysqli->query('SELECT *, `jmc`...', 0)
#1 C:\Users\dimaz\Documents\Project\jmc\system\Database\BaseConnection.php(670): CodeIgniter\Database\MySQLi\Connection->execute('SELECT *, `jmc`...')
#2 C:\Users\dimaz\Documents\Project\jmc\system\Database\BaseConnection.php(598): CodeIgniter\Database\BaseConnection->simpleQuery('SELECT *, `jmc`...')
#3 C:\Users\dimaz\Documents\Project\jmc\system\Database\BaseBuilder.php(1455): CodeIgniter\Database\BaseConnection->query('SELECT *, `jmc`...', Array, false)
#4 C:\Users\dimaz\Documents\Project\jmc\app\Models\KabupatenModel.php(38): CodeIgniter\Database\BaseBuilder->get()
#5 C:\Users\dimaz\Documents\Project\jmc\app\Controllers\KabupatenController.php(20): App\Models\KabupatenModel->get_kab_prov()
#6 C:\Users\dimaz\Documents\Project\jmc\system\CodeIgniter.php(825): App\Controllers\KabupatenController->index()
#7 C:\Users\dimaz\Documents\Project\jmc\system\CodeIgniter.php(412): CodeIgniter\CodeIgniter->runController(Object(App\Controllers\KabupatenController))
#8 C:\Users\dimaz\Documents\Project\jmc\system\CodeIgniter.php(320): CodeIgniter\CodeIgniter->handleRequest(NULL, Object(Config\Cache), false)
#9 C:\Users\dimaz\Documents\Project\jmc\public\index.php(37): CodeIgniter\CodeIgniter->run()
#10 C:\Users\dimaz\Documents\Project\jmc\system\Commands\Server\rewrite.php(43): require_once('C:\\Users\\dimaz\\...')
#11 {main}
ERROR - 2022-01-18 10:31:08 --> Unknown column 'jmc.jmc_kabupaten.province_id' in 'field list'
CRITICAL - 2022-01-18 10:31:08 --> Unknown column 'jmc.jmc_kabupaten.province_id' in 'field list'
#0 C:\Users\dimaz\Documents\Project\jmc\system\Database\MySQLi\Connection.php(292): mysqli->query('SELECT *, `jmc`...', 0)
#1 C:\Users\dimaz\Documents\Project\jmc\system\Database\BaseConnection.php(670): CodeIgniter\Database\MySQLi\Connection->execute('SELECT *, `jmc`...')
#2 C:\Users\dimaz\Documents\Project\jmc\system\Database\BaseConnection.php(598): CodeIgniter\Database\BaseConnection->simpleQuery('SELECT *, `jmc`...')
#3 C:\Users\dimaz\Documents\Project\jmc\system\Database\BaseBuilder.php(1455): CodeIgniter\Database\BaseConnection->query('SELECT *, `jmc`...', Array, false)
#4 C:\Users\dimaz\Documents\Project\jmc\app\Models\KabupatenModel.php(38): CodeIgniter\Database\BaseBuilder->get()
#5 C:\Users\dimaz\Documents\Project\jmc\app\Controllers\KabupatenController.php(20): App\Models\KabupatenModel->get_kab_prov()
#6 C:\Users\dimaz\Documents\Project\jmc\system\CodeIgniter.php(825): App\Controllers\KabupatenController->index()
#7 C:\Users\dimaz\Documents\Project\jmc\system\CodeIgniter.php(412): CodeIgniter\CodeIgniter->runController(Object(App\Controllers\KabupatenController))
#8 C:\Users\dimaz\Documents\Project\jmc\system\CodeIgniter.php(320): CodeIgniter\CodeIgniter->handleRequest(NULL, Object(Config\Cache), false)
#9 C:\Users\dimaz\Documents\Project\jmc\public\index.php(37): CodeIgniter\CodeIgniter->run()
#10 C:\Users\dimaz\Documents\Project\jmc\system\Commands\Server\rewrite.php(43): require_once('C:\\Users\\dimaz\\...')
#11 {main}
ERROR - 2022-01-18 10:31:29 --> Unknown column 'jmc.jmc_kabupaten.province_id' in 'field list'
CRITICAL - 2022-01-18 10:31:29 --> Unknown column 'jmc.jmc_kabupaten.province_id' in 'field list'
#0 C:\Users\dimaz\Documents\Project\jmc\system\Database\MySQLi\Connection.php(292): mysqli->query('SELECT *, `jmc`...', 0)
#1 C:\Users\dimaz\Documents\Project\jmc\system\Database\BaseConnection.php(670): CodeIgniter\Database\MySQLi\Connection->execute('SELECT *, `jmc`...')
#2 C:\Users\dimaz\Documents\Project\jmc\system\Database\BaseConnection.php(598): CodeIgniter\Database\BaseConnection->simpleQuery('SELECT *, `jmc`...')
#3 C:\Users\dimaz\Documents\Project\jmc\system\Database\BaseBuilder.php(1455): CodeIgniter\Database\BaseConnection->query('SELECT *, `jmc`...', Array, false)
#4 C:\Users\dimaz\Documents\Project\jmc\app\Models\KabupatenModel.php(38): CodeIgniter\Database\BaseBuilder->get()
#5 C:\Users\dimaz\Documents\Project\jmc\app\Controllers\KabupatenController.php(20): App\Models\KabupatenModel->get_kab_prov()
#6 C:\Users\dimaz\Documents\Project\jmc\system\CodeIgniter.php(825): App\Controllers\KabupatenController->index()
#7 C:\Users\dimaz\Documents\Project\jmc\system\CodeIgniter.php(412): CodeIgniter\CodeIgniter->runController(Object(App\Controllers\KabupatenController))
#8 C:\Users\dimaz\Documents\Project\jmc\system\CodeIgniter.php(320): CodeIgniter\CodeIgniter->handleRequest(NULL, Object(Config\Cache), false)
#9 C:\Users\dimaz\Documents\Project\jmc\public\index.php(37): CodeIgniter\CodeIgniter->run()
#10 C:\Users\dimaz\Documents\Project\jmc\system\Commands\Server\rewrite.php(43): require_once('C:\\Users\\dimaz\\...')
#11 {main}
ERROR - 2022-01-18 10:34:05 --> Unknown column 'jmc_kabupaten.province_id' in 'field list'
CRITICAL - 2022-01-18 10:34:05 --> Unknown column 'jmc_kabupaten.province_id' in 'field list'
#0 C:\Users\dimaz\Documents\Project\jmc\system\Database\MySQLi\Connection.php(292): mysqli->query('SELECT *, `jmc_...', 0)
#1 C:\Users\dimaz\Documents\Project\jmc\system\Database\BaseConnection.php(670): CodeIgniter\Database\MySQLi\Connection->execute('SELECT *, `jmc_...')
#2 C:\Users\dimaz\Documents\Project\jmc\system\Database\BaseConnection.php(598): CodeIgniter\Database\BaseConnection->simpleQuery('SELECT *, `jmc_...')
#3 C:\Users\dimaz\Documents\Project\jmc\system\Database\BaseBuilder.php(1455): CodeIgniter\Database\BaseConnection->query('SELECT *, `jmc_...', Array, false)
#4 C:\Users\dimaz\Documents\Project\jmc\app\Models\KabupatenModel.php(38): CodeIgniter\Database\BaseBuilder->get()
#5 C:\Users\dimaz\Documents\Project\jmc\app\Controllers\KabupatenController.php(20): App\Models\KabupatenModel->get_kab_prov()
#6 C:\Users\dimaz\Documents\Project\jmc\system\CodeIgniter.php(825): App\Controllers\KabupatenController->index()
#7 C:\Users\dimaz\Documents\Project\jmc\system\CodeIgniter.php(412): CodeIgniter\CodeIgniter->runController(Object(App\Controllers\KabupatenController))
#8 C:\Users\dimaz\Documents\Project\jmc\system\CodeIgniter.php(320): CodeIgniter\CodeIgniter->handleRequest(NULL, Object(Config\Cache), false)
#9 C:\Users\dimaz\Documents\Project\jmc\public\index.php(37): CodeIgniter\CodeIgniter->run()
#10 C:\Users\dimaz\Documents\Project\jmc\system\Commands\Server\rewrite.php(43): require_once('C:\\Users\\dimaz\\...')
#11 {main}
CRITICAL - 2022-01-18 10:34:43 --> Cannot use object of type stdClass as array
#0 C:\Users\dimaz\Documents\Project\jmc\system\View\View.php(210): include()
#1 C:\Users\dimaz\Documents\Project\jmc\system\View\View.php(213): CodeIgniter\View\View->CodeIgniter\View\{closure}()
#2 C:\Users\dimaz\Documents\Project\jmc\system\Common.php(1089): CodeIgniter\View\View->render('kabupaten_form', Array, true)
#3 C:\Users\dimaz\Documents\Project\jmc\app\Controllers\KabupatenController.php(27): view('kabupaten_form', Array)
#4 C:\Users\dimaz\Documents\Project\jmc\system\CodeIgniter.php(825): App\Controllers\KabupatenController->index()
#5 C:\Users\dimaz\Documents\Project\jmc\system\CodeIgniter.php(412): CodeIgniter\CodeIgniter->runController(Object(App\Controllers\KabupatenController))
#6 C:\Users\dimaz\Documents\Project\jmc\system\CodeIgniter.php(320): CodeIgniter\CodeIgniter->handleRequest(NULL, Object(Config\Cache), false)
#7 C:\Users\dimaz\Documents\Project\jmc\public\index.php(37): CodeIgniter\CodeIgniter->run()
#8 C:\Users\dimaz\Documents\Project\jmc\system\Commands\Server\rewrite.php(43): require_once('C:\\Users\\dimaz\\...')
#9 {main}
ERROR - 2022-01-18 10:36:56 --> Cannot add or update a child row: a foreign key constraint fails (`jmc_provinsi`.`jmc_kabupaten`, CONSTRAINT `FK_jmc_kabupaten_jmc_province` FOREIGN KEY (`province_id`) REFERENCES `jmc_province` (`province_id`) ON DELETE CASCADE ON UPDATE NO ACTION)
CRITICAL - 2022-01-18 10:36:56 --> Cannot add or update a child row: a foreign key constraint fails (`jmc_provinsi`.`jmc_kabupaten`, CONSTRAINT `FK_jmc_kabupaten_jmc_province` FOREIGN KEY (`province_id`) REFERENCES `jmc_province` (`province_id`) ON DELETE CASCADE ON UPDATE NO ACTION)
#0 C:\Users\dimaz\Documents\Project\jmc\system\Database\MySQLi\Connection.php(292): mysqli->query('INSERT INTO `jm...', 0)
#1 C:\Users\dimaz\Documents\Project\jmc\system\Database\BaseConnection.php(670): CodeIgniter\Database\MySQLi\Connection->execute('INSERT INTO `jm...')
#2 C:\Users\dimaz\Documents\Project\jmc\system\Database\BaseConnection.php(598): CodeIgniter\Database\BaseConnection->simpleQuery('INSERT INTO `jm...')
#3 C:\Users\dimaz\Documents\Project\jmc\system\Database\BaseBuilder.php(1771): CodeIgniter\Database\BaseConnection->query('INSERT INTO `jm...', Array, false)
#4 C:\Users\dimaz\Documents\Project\jmc\system\Model.php(239): CodeIgniter\Database\BaseBuilder->insert()
#5 C:\Users\dimaz\Documents\Project\jmc\system\BaseModel.php(738): CodeIgniter\Model->doInsert(Array)
#6 C:\Users\dimaz\Documents\Project\jmc\system\Model.php(625): CodeIgniter\BaseModel->insert(Array, true)
#7 C:\Users\dimaz\Documents\Project\jmc\app\Controllers\KabupatenController.php(41): CodeIgniter\Model->insert(Array)
#8 C:\Users\dimaz\Documents\Project\jmc\system\CodeIgniter.php(825): App\Controllers\KabupatenController->insert()
#9 C:\Users\dimaz\Documents\Project\jmc\system\CodeIgniter.php(412): CodeIgniter\CodeIgniter->runController(Object(App\Controllers\KabupatenController))
#10 C:\Users\dimaz\Documents\Project\jmc\system\CodeIgniter.php(320): CodeIgniter\CodeIgniter->handleRequest(NULL, Object(Config\Cache), false)
#11 C:\Users\dimaz\Documents\Project\jmc\public\index.php(37): CodeIgniter\CodeIgniter->run()
#12 C:\Users\dimaz\Documents\Project\jmc\system\Commands\Server\rewrite.php(43): require_once('C:\\Users\\dimaz\\...')
#13 {main}
ERROR - 2022-01-18 10:37:33 --> Cannot add or update a child row: a foreign key constraint fails (`jmc_provinsi`.`jmc_kabupaten`, CONSTRAINT `FK_jmc_kabupaten_jmc_province` FOREIGN KEY (`province_id`) REFERENCES `jmc_province` (`province_id`) ON DELETE CASCADE ON UPDATE NO ACTION)
CRITICAL - 2022-01-18 10:37:33 --> Cannot add or update a child row: a foreign key constraint fails (`jmc_provinsi`.`jmc_kabupaten`, CONSTRAINT `FK_jmc_kabupaten_jmc_province` FOREIGN KEY (`province_id`) REFERENCES `jmc_province` (`province_id`) ON DELETE CASCADE ON UPDATE NO ACTION)
#0 C:\Users\dimaz\Documents\Project\jmc\system\Database\MySQLi\Connection.php(292): mysqli->query('INSERT INTO `jm...', 0)
#1 C:\Users\dimaz\Documents\Project\jmc\system\Database\BaseConnection.php(670): CodeIgniter\Database\MySQLi\Connection->execute('INSERT INTO `jm...')
#2 C:\Users\dimaz\Documents\Project\jmc\system\Database\BaseConnection.php(598): CodeIgniter\Database\BaseConnection->simpleQuery('INSERT INTO `jm...')
#3 C:\Users\dimaz\Documents\Project\jmc\system\Database\BaseBuilder.php(1771): CodeIgniter\Database\BaseConnection->query('INSERT INTO `jm...', Array, false)
#4 C:\Users\dimaz\Documents\Project\jmc\system\Model.php(239): CodeIgniter\Database\BaseBuilder->insert()
#5 C:\Users\dimaz\Documents\Project\jmc\system\BaseModel.php(738): CodeIgniter\Model->doInsert(Array)
#6 C:\Users\dimaz\Documents\Project\jmc\system\Model.php(625): CodeIgniter\BaseModel->insert(Array, true)
#7 C:\Users\dimaz\Documents\Project\jmc\app\Controllers\KabupatenController.php(41): CodeIgniter\Model->insert(Array)
#8 C:\Users\dimaz\Documents\Project\jmc\system\CodeIgniter.php(825): App\Controllers\KabupatenController->insert()
#9 C:\Users\dimaz\Documents\Project\jmc\system\CodeIgniter.php(412): CodeIgniter\CodeIgniter->runController(Object(App\Controllers\KabupatenController))
#10 C:\Users\dimaz\Documents\Project\jmc\system\CodeIgniter.php(320): CodeIgniter\CodeIgniter->handleRequest(NULL, Object(Config\Cache), false)
#11 C:\Users\dimaz\Documents\Project\jmc\public\index.php(37): CodeIgniter\CodeIgniter->run()
#12 C:\Users\dimaz\Documents\Project\jmc\system\Commands\Server\rewrite.php(43): require_once('C:\\Users\\dimaz\\...')
#13 {main}
ERROR - 2022-01-18 10:38:04 --> Unknown column 'province_name' in 'field list'
CRITICAL - 2022-01-18 10:38:04 --> Unknown column 'province_name' in 'field list'
#0 C:\Users\dimaz\Documents\Project\jmc\system\Database\MySQLi\Connection.php(292): mysqli->query('INSERT INTO `jm...', 0)
#1 C:\Users\dimaz\Documents\Project\jmc\system\Database\BaseConnection.php(670): CodeIgniter\Database\MySQLi\Connection->execute('INSERT INTO `jm...')
#2 C:\Users\dimaz\Documents\Project\jmc\system\Database\BaseConnection.php(598): CodeIgniter\Database\BaseConnection->simpleQuery('INSERT INTO `jm...')
#3 C:\Users\dimaz\Documents\Project\jmc\system\Database\BaseBuilder.php(1771): CodeIgniter\Database\BaseConnection->query('INSERT INTO `jm...', Array, false)
#4 C:\Users\dimaz\Documents\Project\jmc\system\Model.php(239): CodeIgniter\Database\BaseBuilder->insert()
#5 C:\Users\dimaz\Documents\Project\jmc\system\BaseModel.php(738): CodeIgniter\Model->doInsert(Array)
#6 C:\Users\dimaz\Documents\Project\jmc\system\Model.php(625): CodeIgniter\BaseModel->insert(Array, true)
#7 C:\Users\dimaz\Documents\Project\jmc\app\Controllers\KabupatenController.php(41): CodeIgniter\Model->insert(Array)
#8 C:\Users\dimaz\Documents\Project\jmc\system\CodeIgniter.php(825): App\Controllers\KabupatenController->insert()
#9 C:\Users\dimaz\Documents\Project\jmc\system\CodeIgniter.php(412): CodeIgniter\CodeIgniter->runController(Object(App\Controllers\KabupatenController))
#10 C:\Users\dimaz\Documents\Project\jmc\system\CodeIgniter.php(320): CodeIgniter\CodeIgniter->handleRequest(NULL, Object(Config\Cache), false)
#11 C:\Users\dimaz\Documents\Project\jmc\public\index.php(37): CodeIgniter\CodeIgniter->run()
#12 C:\Users\dimaz\Documents\Project\jmc\system\Commands\Server\rewrite.php(43): require_once('C:\\Users\\dimaz\\...')
#13 {main}
CRITICAL - 2022-01-18 10:44:21 --> Call to undefined method App\Models\KabupatenModel::kabuaten_delelte
#0 C:\Users\dimaz\Documents\Project\jmc\app\Controllers\KabupatenController.php(47): CodeIgniter\Model->__call('kabuaten_delelt...', Array)
#1 C:\Users\dimaz\Documents\Project\jmc\system\CodeIgniter.php(825): App\Controllers\KabupatenController->delete('5')
#2 C:\Users\dimaz\Documents\Project\jmc\system\CodeIgniter.php(412): CodeIgniter\CodeIgniter->runController(Object(App\Controllers\KabupatenController))
#3 C:\Users\dimaz\Documents\Project\jmc\system\CodeIgniter.php(320): CodeIgniter\CodeIgniter->handleRequest(NULL, Object(Config\Cache), false)
#4 C:\Users\dimaz\Documents\Project\jmc\public\index.php(37): CodeIgniter\CodeIgniter->run()
#5 C:\Users\dimaz\Documents\Project\jmc\system\Commands\Server\rewrite.php(43): require_once('C:\\Users\\dimaz\\...')
#6 {main}
CRITICAL - 2022-01-18 10:45:37 --> Undefined variable: provinsi
#0 C:\Users\dimaz\Documents\Project\jmc\app\Views\provinsi.php(43): CodeIgniter\Debug\Exceptions->errorHandler(8, 'Undefined varia...', 'C:\\Users\\dimaz\\...', 43, Array)
#1 C:\Users\dimaz\Documents\Project\jmc\system\View\View.php(210): include('C:\\Users\\dimaz\\...')
#2 C:\Users\dimaz\Documents\Project\jmc\system\View\View.php(213): CodeIgniter\View\View->CodeIgniter\View\{closure}()
#3 C:\Users\dimaz\Documents\Project\jmc\system\Common.php(1089): CodeIgniter\View\View->render('provinsi', Array, true)
#4 C:\Users\dimaz\Documents\Project\jmc\app\Controllers\Home.php(9): view('provinsi')
#5 C:\Users\dimaz\Documents\Project\jmc\system\CodeIgniter.php(825): App\Controllers\Home->index()
#6 C:\Users\dimaz\Documents\Project\jmc\system\CodeIgniter.php(412): CodeIgniter\CodeIgniter->runController(Object(App\Controllers\Home))
#7 C:\Users\dimaz\Documents\Project\jmc\system\CodeIgniter.php(320): CodeIgniter\CodeIgniter->handleRequest(NULL, Object(Config\Cache), false)
#8 C:\Users\dimaz\Documents\Project\jmc\public\index.php(37): CodeIgniter\CodeIgniter->run()
#9 C:\Users\dimaz\Documents\Project\jmc\system\Commands\Server\rewrite.php(43): require_once('C:\\Users\\dimaz\\...')
#10 {main}
CRITICAL - 2022-01-18 11:13:27 --> syntax error, unexpected '{'
#0 C:\Users\dimaz\Documents\Project\jmc\system\Autoloader\Autoloader.php(241): CodeIgniter\Autoloader\Autoloader->includeFile('C:\\Users\\dimaz\\...')
#1 C:\Users\dimaz\Documents\Project\jmc\system\Autoloader\Autoloader.php(219): CodeIgniter\Autoloader\Autoloader->loadInNamespace('App\\Controllers...')
#2 [internal function]: CodeIgniter\Autoloader\Autoloader->loadClass('App\\Controllers...')
#3 [internal function]: spl_autoload_call('App\\Controllers...')
#4 C:\Users\dimaz\Documents\Project\jmc\system\CodeIgniter.php(790): class_exists('\\App\\Controller...', true)
#5 C:\Users\dimaz\Documents\Project\jmc\system\CodeIgniter.php(399): CodeIgniter\CodeIgniter->startController()
#6 C:\Users\dimaz\Documents\Project\jmc\system\CodeIgniter.php(320): CodeIgniter\CodeIgniter->handleRequest(NULL, Object(Config\Cache), false)
#7 C:\Users\dimaz\Documents\Project\jmc\public\index.php(37): CodeIgniter\CodeIgniter->run()
#8 C:\Users\dimaz\Documents\Project\jmc\system\Commands\Server\rewrite.php(43): require_once('C:\\Users\\dimaz\\...')
#9 {main}
CRITICAL - 2022-01-18 11:37:19 --> Invalid file: province_data.php
#0 C:\Users\dimaz\Documents\Project\jmc\system\View\View.php(198): CodeIgniter\Exceptions\FrameworkException::forInvalidFile('province_data.p...')
#1 C:\Users\dimaz\Documents\Project\jmc\system\Common.php(1089): CodeIgniter\View\View->render('province_data', Array, true)
#2 C:\Users\dimaz\Documents\Project\jmc\app\Controllers\ProvinceController.php(27): view('province_data', Array)
#3 C:\Users\dimaz\Documents\Project\jmc\system\CodeIgniter.php(825): App\Controllers\ProvinceController->index()
#4 C:\Users\dimaz\Documents\Project\jmc\system\CodeIgniter.php(412): CodeIgniter\CodeIgniter->runController(Object(App\Controllers\ProvinceController))
#5 C:\Users\dimaz\Documents\Project\jmc\system\CodeIgniter.php(320): CodeIgniter\CodeIgniter->handleRequest(NULL, Object(Config\Cache), false)
#6 C:\Users\dimaz\Documents\Project\jmc\public\index.php(37): CodeIgniter\CodeIgniter->run()
#7 C:\Users\dimaz\Documents\Project\jmc\system\Commands\Server\rewrite.php(43): require_once('C:\\Users\\dimaz\\...')
#8 {main}
CRITICAL - 2022-01-18 11:50:45 --> Request URI segment is out of range: 1
#0 C:\Users\dimaz\Documents\Project\jmc\system\HTTP\URI.php(529): CodeIgniter\HTTP\Exceptions\HTTPException::forURISegmentOutOfRange(1)
#1 C:\Users\dimaz\Documents\Project\jmc\app\Views\provinsi\province_data.php(24): CodeIgniter\HTTP\URI->getSegment(1)
#2 C:\Users\dimaz\Documents\Project\jmc\system\View\View.php(210): include('C:\\Users\\dimaz\\...')
#3 C:\Users\dimaz\Documents\Project\jmc\system\View\View.php(213): CodeIgniter\View\View->CodeIgniter\View\{closure}()
#4 C:\Users\dimaz\Documents\Project\jmc\system\Common.php(1089): CodeIgniter\View\View->render('provinsi/provin...', Array, true)
#5 C:\Users\dimaz\Documents\Project\jmc\app\Controllers\ProvinceController.php(20): view('provinsi/provin...', Array)
#6 C:\Users\dimaz\Documents\Project\jmc\system\CodeIgniter.php(825): App\Controllers\ProvinceController->index()
#7 C:\Users\dimaz\Documents\Project\jmc\system\CodeIgniter.php(412): CodeIgniter\CodeIgniter->runController(Object(App\Controllers\ProvinceController))
#8 C:\Users\dimaz\Documents\Project\jmc\system\CodeIgniter.php(320): CodeIgniter\CodeIgniter->handleRequest(NULL, Object(Config\Cache), false)
#9 C:\Users\dimaz\Documents\Project\jmc\public\index.php(37): CodeIgniter\CodeIgniter->run()
#10 C:\Users\dimaz\Documents\Project\jmc\system\Commands\Server\rewrite.php(43): require_once('C:\\Users\\dimaz\\...')
#11 {main}
CRITICAL - 2022-01-18 11:50:54 --> Undefined property: CodeIgniter\HTTP\URI::$getSegment
#0 C:\Users\dimaz\Documents\Project\jmc\app\Views\provinsi\province_data.php(29): CodeIgniter\Debug\Exceptions->errorHandler(8, 'Undefined prope...', 'C:\\Users\\dimaz\\...', 29, Array)
#1 C:\Users\dimaz\Documents\Project\jmc\system\View\View.php(210): include('C:\\Users\\dimaz\\...')
#2 C:\Users\dimaz\Documents\Project\jmc\system\View\View.php(213): CodeIgniter\View\View->CodeIgniter\View\{closure}()
#3 C:\Users\dimaz\Documents\Project\jmc\system\Common.php(1089): CodeIgniter\View\View->render('provinsi/provin...', Array, true)
#4 C:\Users\dimaz\Documents\Project\jmc\app\Controllers\ProvinceController.php(20): view('provinsi/provin...', Array)
#5 C:\Users\dimaz\Documents\Project\jmc\system\CodeIgniter.php(825): App\Controllers\ProvinceController->index()
#6 C:\Users\dimaz\Documents\Project\jmc\system\CodeIgniter.php(412): CodeIgniter\CodeIgniter->runController(Object(App\Controllers\ProvinceController))
#7 C:\Users\dimaz\Documents\Project\jmc\system\CodeIgniter.php(320): CodeIgniter\CodeIgniter->handleRequest(NULL, Object(Config\Cache), false)
#8 C:\Users\dimaz\Documents\Project\jmc\public\index.php(37): CodeIgniter\CodeIgniter->run()
#9 C:\Users\dimaz\Documents\Project\jmc\system\Commands\Server\rewrite.php(43): require_once('C:\\Users\\dimaz\\...')
#10 {main}
CRITICAL - 2022-01-18 11:51:36 --> Undefined property: CodeIgniter\HTTP\URI::$getSegment
#0 C:\Users\dimaz\Documents\Project\jmc\app\Views\provinsi\province_data.php(29): CodeIgniter\Debug\Exceptions->errorHandler(8, 'Undefined prope...', 'C:\\Users\\dimaz\\...', 29, Array)
#1 C:\Users\dimaz\Documents\Project\jmc\system\View\View.php(210): include('C:\\Users\\dimaz\\...')
#2 C:\Users\dimaz\Documents\Project\jmc\system\View\View.php(213): CodeIgniter\View\View->CodeIgniter\View\{closure}()
#3 C:\Users\dimaz\Documents\Project\jmc\system\Common.php(1089): CodeIgniter\View\View->render('provinsi/provin...', Array, true)
#4 C:\Users\dimaz\Documents\Project\jmc\app\Controllers\ProvinceController.php(22): view('provinsi/provin...', Array)
#5 C:\Users\dimaz\Documents\Project\jmc\system\CodeIgniter.php(825): App\Controllers\ProvinceController->index()
#6 C:\Users\dimaz\Documents\Project\jmc\system\CodeIgniter.php(412): CodeIgniter\CodeIgniter->runController(Object(App\Controllers\ProvinceController))
#7 C:\Users\dimaz\Documents\Project\jmc\system\CodeIgniter.php(320): CodeIgniter\CodeIgniter->handleRequest(NULL, Object(Config\Cache), false)
#8 C:\Users\dimaz\Documents\Project\jmc\public\index.php(37): CodeIgniter\CodeIgniter->run()
#9 C:\Users\dimaz\Documents\Project\jmc\system\Commands\Server\rewrite.php(43): require_once('C:\\Users\\dimaz\\...')
#10 {main}
CRITICAL - 2022-01-18 12:00:07 --> syntax error, unexpected '='
#0 C:\Users\dimaz\Documents\Project\jmc\system\View\View.php(213): CodeIgniter\View\View->CodeIgniter\View\{closure}()
#1 C:\Users\dimaz\Documents\Project\jmc\system\Common.php(1089): CodeIgniter\View\View->render('provinsi/provin...', Array, true)
#2 C:\Users\dimaz\Documents\Project\jmc\app\Controllers\ProvinceController.php(24): view('provinsi/provin...', Array)
#3 C:\Users\dimaz\Documents\Project\jmc\system\CodeIgniter.php(825): App\Controllers\ProvinceController->index('1')
#4 C:\Users\dimaz\Documents\Project\jmc\system\CodeIgniter.php(412): CodeIgniter\CodeIgniter->runController(Object(App\Controllers\ProvinceController))
#5 C:\Users\dimaz\Documents\Project\jmc\system\CodeIgniter.php(320): CodeIgniter\CodeIgniter->handleRequest(NULL, Object(Config\Cache), false)
#6 C:\Users\dimaz\Documents\Project\jmc\public\index.php(37): CodeIgniter\CodeIgniter->run()
#7 C:\Users\dimaz\Documents\Project\jmc\system\Commands\Server\rewrite.php(43): require_once('C:\\Users\\dimaz\\...')
#8 {main}
CRITICAL - 2022-01-18 12:00:44 --> Request URI segment is out of range: 1
#0 C:\Users\dimaz\Documents\Project\jmc\system\HTTP\URI.php(529): CodeIgniter\HTTP\Exceptions\HTTPException::forURISegmentOutOfRange(1)
#1 C:\Users\dimaz\Documents\Project\jmc\app\Views\provinsi\province_data.php(24): CodeIgniter\HTTP\URI->getSegment(1)
#2 C:\Users\dimaz\Documents\Project\jmc\system\View\View.php(210): include('C:\\Users\\dimaz\\...')
#3 C:\Users\dimaz\Documents\Project\jmc\system\View\View.php(213): CodeIgniter\View\View->CodeIgniter\View\{closure}()
#4 C:\Users\dimaz\Documents\Project\jmc\system\Common.php(1089): CodeIgniter\View\View->render('provinsi/provin...', Array, true)
#5 C:\Users\dimaz\Documents\Project\jmc\app\Controllers\ProvinceController.php(24): view('provinsi/provin...', Array)
#6 C:\Users\dimaz\Documents\Project\jmc\system\CodeIgniter.php(825): App\Controllers\ProvinceController->index('1')
#7 C:\Users\dimaz\Documents\Project\jmc\system\CodeIgniter.php(412): CodeIgniter\CodeIgniter->runController(Object(App\Controllers\ProvinceController))
#8 C:\Users\dimaz\Documents\Project\jmc\system\CodeIgniter.php(320): CodeIgniter\CodeIgniter->handleRequest(NULL, Object(Config\Cache), false)
#9 C:\Users\dimaz\Documents\Project\jmc\public\index.php(37): CodeIgniter\CodeIgniter->run()
#10 C:\Users\dimaz\Documents\Project\jmc\system\Commands\Server\rewrite.php(43): require_once('C:\\Users\\dimaz\\...')
#11 {main}
CRITICAL - 2022-01-18 12:03:44 --> Function name must be a string
#0 C:\Users\dimaz\Documents\Project\jmc\system\CodeIgniter.php(825): App\Controllers\ProvinceController->index()
#1 C:\Users\dimaz\Documents\Project\jmc\system\CodeIgniter.php(412): CodeIgniter\CodeIgniter->runController(Object(App\Controllers\ProvinceController))
#2 C:\Users\dimaz\Documents\Project\jmc\system\CodeIgniter.php(320): CodeIgniter\CodeIgniter->handleRequest(NULL, Object(Config\Cache), false)
#3 C:\Users\dimaz\Documents\Project\jmc\public\index.php(37): CodeIgniter\CodeIgniter->run()
#4 C:\Users\dimaz\Documents\Project\jmc\system\Commands\Server\rewrite.php(43): require_once('C:\\Users\\dimaz\\...')
#5 {main}
CRITICAL - 2022-01-18 12:25:52 --> Invalid file: provinsi/province_update.php
#0 C:\Users\dimaz\Documents\Project\jmc\system\View\View.php(198): CodeIgniter\Exceptions\FrameworkException::forInvalidFile('provinsi/provin...')
#1 C:\Users\dimaz\Documents\Project\jmc\system\Common.php(1089): CodeIgniter\View\View->render('provinsi/provin...', Array, true)
#2 C:\Users\dimaz\Documents\Project\jmc\app\Controllers\ProvinceController.php(38): view('provinsi/provin...', Array)
#3 C:\Users\dimaz\Documents\Project\jmc\system\CodeIgniter.php(825): App\Controllers\ProvinceController->update_page('1')
#4 C:\Users\dimaz\Documents\Project\jmc\system\CodeIgniter.php(412): CodeIgniter\CodeIgniter->runController(Object(App\Controllers\ProvinceController))
#5 C:\Users\dimaz\Documents\Project\jmc\system\CodeIgniter.php(320): CodeIgniter\CodeIgniter->handleRequest(NULL, Object(Config\Cache), false)
#6 C:\Users\dimaz\Documents\Project\jmc\public\index.php(37): CodeIgniter\CodeIgniter->run()
#7 C:\Users\dimaz\Documents\Project\jmc\system\Commands\Server\rewrite.php(43): require_once('C:\\Users\\dimaz\\...')
#8 {main}
CRITICAL - 2022-01-18 12:26:22 --> Undefined variable: uri
#0 C:\Users\dimaz\Documents\Project\jmc\app\Views\provinsi\province_edit.php(18): CodeIgniter\Debug\Exceptions->errorHandler(8, 'Undefined varia...', 'C:\\Users\\dimaz\\...', 18, Array)
#1 C:\Users\dimaz\Documents\Project\jmc\system\View\View.php(210): include('C:\\Users\\dimaz\\...')
#2 C:\Users\dimaz\Documents\Project\jmc\system\View\View.php(213): CodeIgniter\View\View->CodeIgniter\View\{closure}()
#3 C:\Users\dimaz\Documents\Project\jmc\system\Common.php(1089): CodeIgniter\View\View->render('provinsi/provin...', Array, true)
#4 C:\Users\dimaz\Documents\Project\jmc\app\Controllers\ProvinceController.php(38): view('provinsi/provin...', Array)
#5 C:\Users\dimaz\Documents\Project\jmc\system\CodeIgniter.php(825): App\Controllers\ProvinceController->update_page('1')
#6 C:\Users\dimaz\Documents\Project\jmc\system\CodeIgniter.php(412): CodeIgniter\CodeIgniter->runController(Object(App\Controllers\ProvinceController))
#7 C:\Users\dimaz\Documents\Project\jmc\system\CodeIgniter.php(320): CodeIgniter\CodeIgniter->handleRequest(NULL, Object(Config\Cache), false)
#8 C:\Users\dimaz\Documents\Project\jmc\public\index.php(37): CodeIgniter\CodeIgniter->run()
#9 C:\Users\dimaz\Documents\Project\jmc\system\Commands\Server\rewrite.php(43): require_once('C:\\Users\\dimaz\\...')
#10 {main}
CRITICAL - 2022-01-18 12:26:47 --> Illegal string offset 'province_name'
#0 C:\Users\dimaz\Documents\Project\jmc\app\Views\provinsi\province_edit.php(45): CodeIgniter\Debug\Exceptions->errorHandler(2, 'Illegal string ...', 'C:\\Users\\dimaz\\...', 45, Array)
#1 C:\Users\dimaz\Documents\Project\jmc\system\View\View.php(210): include('C:\\Users\\dimaz\\...')
#2 C:\Users\dimaz\Documents\Project\jmc\system\View\View.php(213): CodeIgniter\View\View->CodeIgniter\View\{closure}()
#3 C:\Users\dimaz\Documents\Project\jmc\system\Common.php(1089): CodeIgniter\View\View->render('provinsi/provin...', Array, true)
#4 C:\Users\dimaz\Documents\Project\jmc\app\Controllers\ProvinceController.php(38): view('provinsi/provin...', Array)
#5 C:\Users\dimaz\Documents\Project\jmc\system\CodeIgniter.php(825): App\Controllers\ProvinceController->update_page('1')
#6 C:\Users\dimaz\Documents\Project\jmc\system\CodeIgniter.php(412): CodeIgniter\CodeIgniter->runController(Object(App\Controllers\ProvinceController))
#7 C:\Users\dimaz\Documents\Project\jmc\system\CodeIgniter.php(320): CodeIgniter\CodeIgniter->handleRequest(NULL, Object(Config\Cache), false)
#8 C:\Users\dimaz\Documents\Project\jmc\public\index.php(37): CodeIgniter\CodeIgniter->run()
#9 C:\Users\dimaz\Documents\Project\jmc\system\Commands\Server\rewrite.php(43): require_once('C:\\Users\\dimaz\\...')
#10 {main}
CRITICAL - 2022-01-18 12:28:01 --> Trying to get property 'province_id' of non-object
#0 C:\Users\dimaz\Documents\Project\jmc\app\Views\provinsi\province_edit.php(21): CodeIgniter\Debug\Exceptions->errorHandler(8, 'Trying to get p...', 'C:\\Users\\dimaz\\...', 21, Array)
#1 C:\Users\dimaz\Documents\Project\jmc\system\View\View.php(210): include('C:\\Users\\dimaz\\...')
#2 C:\Users\dimaz\Documents\Project\jmc\system\View\View.php(213): CodeIgniter\View\View->CodeIgniter\View\{closure}()
#3 C:\Users\dimaz\Documents\Project\jmc\system\Common.php(1089): CodeIgniter\View\View->render('provinsi/provin...', Array, true)
#4 C:\Users\dimaz\Documents\Project\jmc\app\Controllers\ProvinceController.php(43): view('provinsi/provin...', Array)
#5 C:\Users\dimaz\Documents\Project\jmc\system\CodeIgniter.php(825): App\Controllers\ProvinceController->update_page('1')
#6 C:\Users\dimaz\Documents\Project\jmc\system\CodeIgniter.php(412): CodeIgniter\CodeIgniter->runController(Object(App\Controllers\ProvinceController))
#7 C:\Users\dimaz\Documents\Project\jmc\system\CodeIgniter.php(320): CodeIgniter\CodeIgniter->handleRequest(NULL, Object(Config\Cache), false)
#8 C:\Users\dimaz\Documents\Project\jmc\public\index.php(37): CodeIgniter\CodeIgniter->run()
#9 C:\Users\dimaz\Documents\Project\jmc\system\Commands\Server\rewrite.php(43): require_once('C:\\Users\\dimaz\\...')
#10 {main}
CRITICAL - 2022-01-18 12:28:22 --> Undefined variable: row_provinsi
#0 C:\Users\dimaz\Documents\Project\jmc\app\Views\provinsi\province_edit.php(21): CodeIgniter\Debug\Exceptions->errorHandler(8, 'Undefined varia...', 'C:\\Users\\dimaz\\...', 21, Array)
#1 C:\Users\dimaz\Documents\Project\jmc\system\View\View.php(210): include('C:\\Users\\dimaz\\...')
#2 C:\Users\dimaz\Documents\Project\jmc\system\View\View.php(213): CodeIgniter\View\View->CodeIgniter\View\{closure}()
#3 C:\Users\dimaz\Documents\Project\jmc\system\Common.php(1089): CodeIgniter\View\View->render('provinsi/provin...', Array, true)
#4 C:\Users\dimaz\Documents\Project\jmc\app\Controllers\ProvinceController.php(43): view('provinsi/provin...', Array)
#5 C:\Users\dimaz\Documents\Project\jmc\system\CodeIgniter.php(825): App\Controllers\ProvinceController->update_page('1')
#6 C:\Users\dimaz\Documents\Project\jmc\system\CodeIgniter.php(412): CodeIgniter\CodeIgniter->runController(Object(App\Controllers\ProvinceController))
#7 C:\Users\dimaz\Documents\Project\jmc\system\CodeIgniter.php(320): CodeIgniter\CodeIgniter->handleRequest(NULL, Object(Config\Cache), false)
#8 C:\Users\dimaz\Documents\Project\jmc\public\index.php(37): CodeIgniter\CodeIgniter->run()
#9 C:\Users\dimaz\Documents\Project\jmc\system\Commands\Server\rewrite.php(43): require_once('C:\\Users\\dimaz\\...')
#10 {main}
CRITICAL - 2022-01-18 12:33:43 --> Argument 2 passed to CodeIgniter\BaseModel::replace() must be of the type bool, array given, called in C:\Users\dimaz\Documents\Project\jmc\app\Controllers\ProvinceController.php on line 53
#0 C:\Users\dimaz\Documents\Project\jmc\app\Controllers\ProvinceController.php(53): CodeIgniter\BaseModel->replace(Array, Array)
#1 C:\Users\dimaz\Documents\Project\jmc\system\CodeIgniter.php(825): App\Controllers\ProvinceController->update('8')
#2 C:\Users\dimaz\Documents\Project\jmc\system\CodeIgniter.php(412): CodeIgniter\CodeIgniter->runController(Object(App\Controllers\ProvinceController))
#3 C:\Users\dimaz\Documents\Project\jmc\system\CodeIgniter.php(320): CodeIgniter\CodeIgniter->handleRequest(NULL, Object(Config\Cache), false)
#4 C:\Users\dimaz\Documents\Project\jmc\public\index.php(37): CodeIgniter\CodeIgniter->run()
#5 C:\Users\dimaz\Documents\Project\jmc\system\Commands\Server\rewrite.php(43): require_once('C:\\Users\\dimaz\\...')
#6 {main}
CRITICAL - 2022-01-18 12:36:08 --> Too few arguments to function App\Models\ProvinceModel::province_update(), 1 passed in C:\Users\dimaz\Documents\Project\jmc\app\Controllers\ProvinceController.php on line 53 and exactly 2 expected
#0 C:\Users\dimaz\Documents\Project\jmc\app\Controllers\ProvinceController.php(53): App\Models\ProvinceModel->province_update(Array)
#1 C:\Users\dimaz\Documents\Project\jmc\system\CodeIgniter.php(825): App\Controllers\ProvinceController->update('8')
#2 C:\Users\dimaz\Documents\Project\jmc\system\CodeIgniter.php(412): CodeIgniter\CodeIgniter->runController(Object(App\Controllers\ProvinceController))
#3 C:\Users\dimaz\Documents\Project\jmc\system\CodeIgniter.php(320): CodeIgniter\CodeIgniter->handleRequest(NULL, Object(Config\Cache), false)
#4 C:\Users\dimaz\Documents\Project\jmc\public\index.php(37): CodeIgniter\CodeIgniter->run()
#5 C:\Users\dimaz\Documents\Project\jmc\system\Commands\Server\rewrite.php(43): require_once('C:\\Users\\dimaz\\...')
#6 {main}
CRITICAL - 2022-01-18 12:36:23 --> Too few arguments to function App\Models\ProvinceModel::province_update(), 1 passed in C:\Users\dimaz\Documents\Project\jmc\app\Controllers\ProvinceController.php on line 53 and exactly 2 expected
#0 C:\Users\dimaz\Documents\Project\jmc\app\Controllers\ProvinceController.php(53): App\Models\ProvinceModel->province_update(Array)
#1 C:\Users\dimaz\Documents\Project\jmc\system\CodeIgniter.php(825): App\Controllers\ProvinceController->update('8')
#2 C:\Users\dimaz\Documents\Project\jmc\system\CodeIgniter.php(412): CodeIgniter\CodeIgniter->runController(Object(App\Controllers\ProvinceController))
#3 C:\Users\dimaz\Documents\Project\jmc\system\CodeIgniter.php(320): CodeIgniter\CodeIgniter->handleRequest(NULL, Object(Config\Cache), false)
#4 C:\Users\dimaz\Documents\Project\jmc\public\index.php(37): CodeIgniter\CodeIgniter->run()
#5 C:\Users\dimaz\Documents\Project\jmc\system\Commands\Server\rewrite.php(43): require_once('C:\\Users\\dimaz\\...')
#6 {main}
CRITICAL - 2022-01-18 12:40:51 --> Trying to get property 'province_name' of non-object
#0 C:\Users\dimaz\Documents\Project\jmc\app\Views\provinsi\province_edit.php(21): CodeIgniter\Debug\Exceptions->errorHandler(8, 'Trying to get p...', 'C:\\Users\\dimaz\\...', 21, Array)
#1 C:\Users\dimaz\Documents\Project\jmc\system\View\View.php(210): include('C:\\Users\\dimaz\\...')
#2 C:\Users\dimaz\Documents\Project\jmc\system\View\View.php(213): CodeIgniter\View\View->CodeIgniter\View\{closure}()
#3 C:\Users\dimaz\Documents\Project\jmc\system\Common.php(1089): CodeIgniter\View\View->render('provinsi/provin...', Array, true)
#4 C:\Users\dimaz\Documents\Project\jmc\app\Controllers\ProvinceController.php(43): view('provinsi/provin...', Array)
#5 C:\Users\dimaz\Documents\Project\jmc\system\CodeIgniter.php(825): App\Controllers\ProvinceController->update_page('9')
#6 C:\Users\dimaz\Documents\Project\jmc\system\CodeIgniter.php(412): CodeIgniter\CodeIgniter->runController(Object(App\Controllers\ProvinceController))
#7 C:\Users\dimaz\Documents\Project\jmc\system\CodeIgniter.php(320): CodeIgniter\CodeIgniter->handleRequest(NULL, Object(Config\Cache), false)
#8 C:\Users\dimaz\Documents\Project\jmc\public\index.php(37): CodeIgniter\CodeIgniter->run()
#9 C:\Users\dimaz\Documents\Project\jmc\system\Commands\Server\rewrite.php(43): require_once('C:\\Users\\dimaz\\...')
#10 {main}
CRITICAL - 2022-01-18 12:41:25 --> Trying to get property 'province_name' of non-object
#0 C:\Users\dimaz\Documents\Project\jmc\app\Views\provinsi\province_edit.php(21): CodeIgniter\Debug\Exceptions->errorHandler(8, 'Trying to get p...', 'C:\\Users\\dimaz\\...', 21, Array)
#1 C:\Users\dimaz\Documents\Project\jmc\system\View\View.php(210): include('C:\\Users\\dimaz\\...')
#2 C:\Users\dimaz\Documents\Project\jmc\system\View\View.php(213): CodeIgniter\View\View->CodeIgniter\View\{closure}()
#3 C:\Users\dimaz\Documents\Project\jmc\system\Common.php(1089): CodeIgniter\View\View->render('provinsi/provin...', Array, true)
#4 C:\Users\dimaz\Documents\Project\jmc\app\Controllers\ProvinceController.php(43): view('provinsi/provin...', Array)
#5 C:\Users\dimaz\Documents\Project\jmc\system\CodeIgniter.php(825): App\Controllers\ProvinceController->update_page('9')
#6 C:\Users\dimaz\Documents\Project\jmc\system\CodeIgniter.php(412): CodeIgniter\CodeIgniter->runController(Object(App\Controllers\ProvinceController))
#7 C:\Users\dimaz\Documents\Project\jmc\system\CodeIgniter.php(320): CodeIgniter\CodeIgniter->handleRequest(NULL, Object(Config\Cache), false)
#8 C:\Users\dimaz\Documents\Project\jmc\public\index.php(37): CodeIgniter\CodeIgniter->run()
#9 C:\Users\dimaz\Documents\Project\jmc\system\Commands\Server\rewrite.php(43): require_once('C:\\Users\\dimaz\\...')
#10 {main}
CRITICAL - 2022-01-18 12:43:45 --> Invalid file: kabupaten_form.php
#0 C:\Users\dimaz\Documents\Project\jmc\system\View\View.php(198): CodeIgniter\Exceptions\FrameworkException::forInvalidFile('kabupaten_form....')
#1 C:\Users\dimaz\Documents\Project\jmc\system\Common.php(1089): CodeIgniter\View\View->render('kabupaten_form', Array, true)
#2 C:\Users\dimaz\Documents\Project\jmc\app\Controllers\KabupatenController.php(27): view('kabupaten_form', Array)
#3 C:\Users\dimaz\Documents\Project\jmc\system\CodeIgniter.php(825): App\Controllers\KabupatenController->index()
#4 C:\Users\dimaz\Documents\Project\jmc\system\CodeIgniter.php(412): CodeIgniter\CodeIgniter->runController(Object(App\Controllers\KabupatenController))
#5 C:\Users\dimaz\Documents\Project\jmc\system\CodeIgniter.php(320): CodeIgniter\CodeIgniter->handleRequest(NULL, Object(Config\Cache), false)
#6 C:\Users\dimaz\Documents\Project\jmc\public\index.php(37): CodeIgniter\CodeIgniter->run()
#7 C:\Users\dimaz\Documents\Project\jmc\system\Commands\Server\rewrite.php(43): require_once('C:\\Users\\dimaz\\...')
#8 {main}
CRITICAL - 2022-01-18 12:55:16 --> Trying to get property 'kabupaten_name' of non-object
#0 C:\Users\dimaz\Documents\Project\jmc\app\Views\kabupaten\kabupaten_edit.php(21): CodeIgniter\Debug\Exceptions->errorHandler(8, 'Trying to get p...', 'C:\\Users\\dimaz\\...', 21, Array)
#1 C:\Users\dimaz\Documents\Project\jmc\system\View\View.php(210): include('C:\\Users\\dimaz\\...')
#2 C:\Users\dimaz\Documents\Project\jmc\system\View\View.php(213): CodeIgniter\View\View->CodeIgniter\View\{closure}()
#3 C:\Users\dimaz\Documents\Project\jmc\system\Common.php(1089): CodeIgniter\View\View->render('kabupaten/kabup...', Array, true)
#4 C:\Users\dimaz\Documents\Project\jmc\app\Controllers\KabupatenController.php(56): view('kabupaten/kabup...', Array)
#5 C:\Users\dimaz\Documents\Project\jmc\system\CodeIgniter.php(825): App\Controllers\KabupatenController->update_page('.1')
#6 C:\Users\dimaz\Documents\Project\jmc\system\CodeIgniter.php(412): CodeIgniter\CodeIgniter->runController(Object(App\Controllers\KabupatenController))
#7 C:\Users\dimaz\Documents\Project\jmc\system\CodeIgniter.php(320): CodeIgniter\CodeIgniter->handleRequest(NULL, Object(Config\Cache), false)
#8 C:\Users\dimaz\Documents\Project\jmc\public\index.php(37): CodeIgniter\CodeIgniter->run()
#9 C:\Users\dimaz\Documents\Project\jmc\system\Commands\Server\rewrite.php(43): require_once('C:\\Users\\dimaz\\...')
#10 {main}
ERROR - 2022-01-18 12:57:32 --> Cannot add or update a child row: a foreign key constraint fails (`jmc_provinsi`.`jmc_kabupaten`, CONSTRAINT `FK_jmc_kabupaten_jmc_province` FOREIGN KEY (`province_id`) REFERENCES `jmc_province` (`province_id`) ON DELETE CASCADE ON UPDATE NO ACTION)
CRITICAL - 2022-01-18 12:57:32 --> Cannot add or update a child row: a foreign key constraint fails (`jmc_provinsi`.`jmc_kabupaten`, CONSTRAINT `FK_jmc_kabupaten_jmc_province` FOREIGN KEY (`province_id`) REFERENCES `jmc_province` (`province_id`) ON DELETE CASCADE ON UPDATE NO ACTION)
#0 C:\Users\dimaz\Documents\Project\jmc\system\Database\MySQLi\Connection.php(292): mysqli->query('INSERT INTO `jm...', 0)
#1 C:\Users\dimaz\Documents\Project\jmc\system\Database\BaseConnection.php(670): CodeIgniter\Database\MySQLi\Connection->execute('INSERT INTO `jm...')
#2 C:\Users\dimaz\Documents\Project\jmc\system\Database\BaseConnection.php(598): CodeIgniter\Database\BaseConnection->simpleQuery('INSERT INTO `jm...')
#3 C:\Users\dimaz\Documents\Project\jmc\system\Database\BaseBuilder.php(1771): CodeIgniter\Database\BaseConnection->query('INSERT INTO `jm...', Array, false)
#4 C:\Users\dimaz\Documents\Project\jmc\system\Model.php(239): CodeIgniter\Database\BaseBuilder->insert()
#5 C:\Users\dimaz\Documents\Project\jmc\system\BaseModel.php(738): CodeIgniter\Model->doInsert(Array)
#6 C:\Users\dimaz\Documents\Project\jmc\system\Model.php(625): CodeIgniter\BaseModel->insert(Array, true)
#7 C:\Users\dimaz\Documents\Project\jmc\app\Controllers\KabupatenController.php(41): CodeIgniter\Model->insert(Array)
#8 C:\Users\dimaz\Documents\Project\jmc\system\CodeIgniter.php(825): App\Controllers\KabupatenController->insert()
#9 C:\Users\dimaz\Documents\Project\jmc\system\CodeIgniter.php(412): CodeIgniter\CodeIgniter->runController(Object(App\Controllers\KabupatenController))
#10 C:\Users\dimaz\Documents\Project\jmc\system\CodeIgniter.php(320): CodeIgniter\CodeIgniter->handleRequest(NULL, Object(Config\Cache), false)
#11 C:\Users\dimaz\Documents\Project\jmc\public\index.php(37): CodeIgniter\CodeIgniter->run()
#12 C:\Users\dimaz\Documents\Project\jmc\system\Commands\Server\rewrite.php(43): require_once('C:\\Users\\dimaz\\...')
#13 {main}
CRITICAL - 2022-01-18 13:18:06 --> Call to a member function orderBy() on array
#0 C:\Users\dimaz\Documents\Project\jmc\system\CodeIgniter.php(825): App\Controllers\KabupatenController->index()
#1 C:\Users\dimaz\Documents\Project\jmc\system\CodeIgniter.php(412): CodeIgniter\CodeIgniter->runController(Object(App\Controllers\KabupatenController))
#2 C:\Users\dimaz\Documents\Project\jmc\system\CodeIgniter.php(320): CodeIgniter\CodeIgniter->handleRequest(NULL, Object(Config\Cache), false)
#3 C:\Users\dimaz\Documents\Project\jmc\public\index.php(37): CodeIgniter\CodeIgniter->run()
#4 C:\Users\dimaz\Documents\Project\jmc\system\Commands\Server\rewrite.php(43): require_once('C:\\Users\\dimaz\\...')
#5 {main}
CRITICAL - 2022-01-18 13:39:15 --> Undefined variable: kabupaten
#0 C:\Users\dimaz\Documents\Project\jmc\app\Views\home.php(49): CodeIgniter\Debug\Exceptions->errorHandler(8, 'Undefined varia...', 'C:\\Users\\dimaz\\...', 49, Array)
#1 C:\Users\dimaz\Documents\Project\jmc\system\View\View.php(210): include('C:\\Users\\dimaz\\...')
#2 C:\Users\dimaz\Documents\Project\jmc\system\View\View.php(213): CodeIgniter\View\View->CodeIgniter\View\{closure}()
#3 C:\Users\dimaz\Documents\Project\jmc\system\Common.php(1089): CodeIgniter\View\View->render('home', Array, true)
#4 C:\Users\dimaz\Documents\Project\jmc\app\Controllers\Home.php(41): view('home', Array)
#5 C:\Users\dimaz\Documents\Project\jmc\system\CodeIgniter.php(825): App\Controllers\Home->search_by_province()
#6 C:\Users\dimaz\Documents\Project\jmc\system\CodeIgniter.php(412): CodeIgniter\CodeIgniter->runController(Object(App\Controllers\Home))
#7 C:\Users\dimaz\Documents\Project\jmc\system\CodeIgniter.php(320): CodeIgniter\CodeIgniter->handleRequest(NULL, Object(Config\Cache), false)
#8 C:\Users\dimaz\Documents\Project\jmc\public\index.php(37): CodeIgniter\CodeIgniter->run()
#9 C:\Users\dimaz\Documents\Project\jmc\system\Commands\Server\rewrite.php(43): require_once('C:\\Users\\dimaz\\...')
#10 {main}
CRITICAL - 2022-01-18 13:42:04 --> Undefined variable: kabupaten
#0 C:\Users\dimaz\Documents\Project\jmc\app\Views\home.php(49): CodeIgniter\Debug\Exceptions->errorHandler(8, 'Undefined varia...', 'C:\\Users\\dimaz\\...', 49, Array)
#1 C:\Users\dimaz\Documents\Project\jmc\system\View\View.php(210): include('C:\\Users\\dimaz\\...')
#2 C:\Users\dimaz\Documents\Project\jmc\system\View\View.php(213): CodeIgniter\View\View->CodeIgniter\View\{closure}()
#3 C:\Users\dimaz\Documents\Project\jmc\system\Common.php(1089): CodeIgniter\View\View->render('home', Array, true)
#4 C:\Users\dimaz\Documents\Project\jmc\app\Controllers\Home.php(51): view('home', Array)
#5 C:\Users\dimaz\Documents\Project\jmc\system\CodeIgniter.php(825): App\Controllers\Home->search_by_province()
#6 C:\Users\dimaz\Documents\Project\jmc\system\CodeIgniter.php(412): CodeIgniter\CodeIgniter->runController(Object(App\Controllers\Home))
#7 C:\Users\dimaz\Documents\Project\jmc\system\CodeIgniter.php(320): CodeIgniter\CodeIgniter->handleRequest(NULL, Object(Config\Cache), false)
#8 C:\Users\dimaz\Documents\Project\jmc\public\index.php(37): CodeIgniter\CodeIgniter->run()
#9 C:\Users\dimaz\Documents\Project\jmc\system\Commands\Server\rewrite.php(43): require_once('C:\\Users\\dimaz\\...')
#10 {main}
ERROR - 2022-01-18 13:45:33 --> Table 'jmc_provinsi.jmc_pprovince' doesn't exist
CRITICAL - 2022-01-18 13:45:33 --> Table 'jmc_provinsi.jmc_pprovince' doesn't exist
#0 C:\Users\dimaz\Documents\Project\jmc\system\Database\MySQLi\Connection.php(292): mysqli->query('SELECT *\nFROM `...', 0)
#1 C:\Users\dimaz\Documents\Project\jmc\system\Database\BaseConnection.php(670): CodeIgniter\Database\MySQLi\Connection->execute('SELECT *\nFROM `...')
#2 C:\Users\dimaz\Documents\Project\jmc\system\Database\BaseConnection.php(598): CodeIgniter\Database\BaseConnection->simpleQuery('SELECT *\nFROM `...')
#3 C:\Users\dimaz\Documents\Project\jmc\system\Database\BaseBuilder.php(1455): CodeIgniter\Database\BaseConnection->query('SELECT *\nFROM `...', Array, false)
#4 C:\Users\dimaz\Documents\Project\jmc\app\Models\KabupatenModel.php(71): CodeIgniter\Database\BaseBuilder->get()
#5 C:\Users\dimaz\Documents\Project\jmc\app\Controllers\Home.php(36): App\Models\KabupatenModel->search_kab('Papua Barat')
#6 C:\Users\dimaz\Documents\Project\jmc\system\CodeIgniter.php(825): App\Controllers\Home->search_by_province()
#7 C:\Users\dimaz\Documents\Project\jmc\system\CodeIgniter.php(412): CodeIgniter\CodeIgniter->runController(Object(App\Controllers\Home))
#8 C:\Users\dimaz\Documents\Project\jmc\system\CodeIgniter.php(320): CodeIgniter\CodeIgniter->handleRequest(NULL, Object(Config\Cache), false)
#9 C:\Users\dimaz\Documents\Project\jmc\public\index.php(37): CodeIgniter\CodeIgniter->run()
#10 C:\Users\dimaz\Documents\Project\jmc\system\Commands\Server\rewrite.php(43): require_once('C:\\Users\\dimaz\\...')
#11 {main}
CRITICAL - 2022-01-18 13:45:43 --> Invalid argument supplied for foreach()
#0 C:\Users\dimaz\Documents\Project\jmc\app\Views\home.php(49): CodeIgniter\Debug\Exceptions->errorHandler(2, 'Invalid argumen...', 'C:\\Users\\dimaz\\...', 49, Array)
#1 C:\Users\dimaz\Documents\Project\jmc\system\View\View.php(210): include('C:\\Users\\dimaz\\...')
#2 C:\Users\dimaz\Documents\Project\jmc\system\View\View.php(213): CodeIgniter\View\View->CodeIgniter\View\{closure}()
#3 C:\Users\dimaz\Documents\Project\jmc\system\Common.php(1089): CodeIgniter\View\View->render('home', Array, true)
#4 C:\Users\dimaz\Documents\Project\jmc\app\Controllers\Home.php(51): view('home', Array)
#5 C:\Users\dimaz\Documents\Project\jmc\system\CodeIgniter.php(825): App\Controllers\Home->search_by_province()
#6 C:\Users\dimaz\Documents\Project\jmc\system\CodeIgniter.php(412): CodeIgniter\CodeIgniter->runController(Object(App\Controllers\Home))
#7 C:\Users\dimaz\Documents\Project\jmc\system\CodeIgniter.php(320): CodeIgniter\CodeIgniter->handleRequest(NULL, Object(Config\Cache), false)
#8 C:\Users\dimaz\Documents\Project\jmc\public\index.php(37): CodeIgniter\CodeIgniter->run()
#9 C:\Users\dimaz\Documents\Project\jmc\system\Commands\Server\rewrite.php(43): require_once('C:\\Users\\dimaz\\...')
#10 {main}
